{"/home/travis/build/npmtest/node-npmtest-ntwitter/test.js":{"path":"/home/travis/build/npmtest/node-npmtest-ntwitter/test.js","s":{"1":2,"2":2,"3":2,"4":2,"5":2,"6":2,"7":2,"8":1,"9":2,"10":2,"11":1,"12":1,"13":1,"14":1,"15":2,"16":2,"17":2,"18":2,"19":1,"20":1,"21":2,"22":2,"23":2,"24":1,"25":1,"26":1,"27":1,"28":1,"29":1,"30":1,"31":1,"32":1,"33":1,"34":1,"35":1,"36":1,"37":1,"38":1,"39":2,"40":2,"41":1,"42":2,"43":2,"44":1,"45":2,"46":2,"47":1,"48":2,"49":2,"50":1,"51":1,"52":1,"53":1,"54":1},"b":{"1":[2,1,1,1],"2":[1,1,1,1],"3":[1,1],"4":[1,1],"5":[1,1],"6":[1,1],"7":[1,1],"8":[1,1],"9":[1,1],"10":[1,1,1],"11":[1,1],"12":[1,1],"13":[1,1],"14":[1,1],"15":[1,1],"16":[1,1],"17":[1,1]},"f":{"1":2,"2":2,"3":2,"4":2,"5":2,"6":1,"7":1,"8":1,"9":2,"10":2,"11":2,"12":2,"13":1},"fnMap":{"1":{"name":"(anonymous_1)","line":12,"loc":{"start":{"line":12,"column":1},"end":{"line":12,"column":13}}},"2":{"name":"(anonymous_2)","line":19,"loc":{"start":{"line":19,"column":5},"end":{"line":19,"column":17}}},"3":{"name":"(anonymous_3)","line":23,"loc":{"start":{"line":23,"column":24},"end":{"line":23,"column":36}}},"4":{"name":"(anonymous_4)","line":61,"loc":{"start":{"line":61,"column":5},"end":{"line":61,"column":17}}},"5":{"name":"(anonymous_5)","line":82,"loc":{"start":{"line":82,"column":5},"end":{"line":82,"column":17}}},"6":{"name":"(anonymous_6)","line":91,"loc":{"start":{"line":91,"column":77},"end":{"line":94,"column":10}}},"7":{"name":"(anonymous_7)","line":112,"loc":{"start":{"line":112,"column":83},"end":{"line":115,"column":10}},"skip":true},"8":{"name":"(anonymous_8)","line":123,"loc":{"start":{"line":123,"column":77},"end":{"line":126,"column":10}},"skip":true},"9":{"name":"(anonymous_9)","line":139,"loc":{"start":{"line":139,"column":12},"end":{"line":139,"column":40}},"skip":true},"10":{"name":"(anonymous_10)","line":147,"loc":{"start":{"line":147,"column":77},"end":{"line":150,"column":10}},"skip":true},"11":{"name":"(anonymous_11)","line":158,"loc":{"start":{"line":158,"column":83},"end":{"line":161,"column":10}},"skip":true},"12":{"name":"(anonymous_12)","line":169,"loc":{"start":{"line":169,"column":79},"end":{"line":172,"column":10}},"skip":true},"13":{"name":"(anonymous_13)","line":180,"loc":{"start":{"line":180,"column":75},"end":{"line":183,"column":10}},"skip":true}},"statementMap":{"1":{"start":{"line":12,"column":0},"end":{"line":195,"column":5}},"2":{"start":{"line":14,"column":4},"end":{"line":14,"column":14}},"3":{"start":{"line":19,"column":4},"end":{"line":56,"column":9}},"4":{"start":{"line":21,"column":8},"end":{"line":21,"column":19}},"5":{"start":{"line":23,"column":8},"end":{"line":35,"column":13}},"6":{"start":{"line":24,"column":12},"end":{"line":34,"column":13}},"7":{"start":{"line":25,"column":16},"end":{"line":28,"column":30}},"8":{"start":{"line":30,"column":16},"end":{"line":33,"column":27}},"9":{"start":{"line":37,"column":8},"end":{"line":39,"column":21}},"10":{"start":{"line":40,"column":8},"end":{"line":53,"column":9}},"11":{"start":{"line":43,"column":12},"end":{"line":46,"column":14}},"12":{"start":{"line":47,"column":12},"end":{"line":47,"column":18}},"13":{"start":{"line":50,"column":12},"end":{"line":51,"column":33}},"14":{"start":{"line":52,"column":12},"end":{"line":52,"column":18}},"15":{"start":{"line":55,"column":8},"end":{"line":55,"column":35}},"16":{"start":{"line":61,"column":4},"end":{"line":63,"column":9}},"17":{"start":{"line":62,"column":8},"end":{"line":62,"column":15}},"18":{"start":{"line":64,"column":4},"end":{"line":77,"column":5}},"19":{"start":{"line":70,"column":8},"end":{"line":70,"column":14}},"20":{"start":{"line":76,"column":8},"end":{"line":76,"column":14}},"21":{"start":{"line":82,"column":4},"end":{"line":84,"column":9}},"22":{"start":{"line":83,"column":8},"end":{"line":83,"column":15}},"23":{"start":{"line":85,"column":4},"end":{"line":194,"column":5}},"24":{"start":{"line":91,"column":8},"end":{"line":99,"column":10}},"25":{"start":{"line":98,"column":12},"end":{"line":98,"column":35}},"26":{"start":{"line":102,"column":8},"end":{"line":104,"column":63}},"27":{"start":{"line":105,"column":8},"end":{"line":105,"column":14}},"28":{"start":{"line":112,"column":8},"end":{"line":121,"column":10},"skip":true},"29":{"start":{"line":119,"column":12},"end":{"line":119,"column":55},"skip":true},"30":{"start":{"line":120,"column":12},"end":{"line":120,"column":48},"skip":true},"31":{"start":{"line":123,"column":8},"end":{"line":136,"column":10},"skip":true},"32":{"start":{"line":130,"column":12},"end":{"line":130,"column":76},"skip":true},"33":{"start":{"line":131,"column":12},"end":{"line":131,"column":73},"skip":true},"34":{"start":{"line":132,"column":12},"end":{"line":132,"column":74},"skip":true},"35":{"start":{"line":133,"column":12},"end":{"line":133,"column":79},"skip":true},"36":{"start":{"line":134,"column":12},"end":{"line":134,"column":25},"skip":true},"37":{"start":{"line":135,"column":12},"end":{"line":135,"column":45},"skip":true},"38":{"start":{"line":138,"column":8},"end":{"line":145,"column":14},"skip":true},"39":{"start":{"line":143,"column":16},"end":{"line":143,"column":29},"skip":true},"40":{"start":{"line":144,"column":16},"end":{"line":144,"column":55},"skip":true},"41":{"start":{"line":147,"column":8},"end":{"line":156,"column":10},"skip":true},"42":{"start":{"line":154,"column":12},"end":{"line":154,"column":25},"skip":true},"43":{"start":{"line":155,"column":12},"end":{"line":155,"column":45},"skip":true},"44":{"start":{"line":158,"column":8},"end":{"line":167,"column":10},"skip":true},"45":{"start":{"line":165,"column":12},"end":{"line":165,"column":25},"skip":true},"46":{"start":{"line":166,"column":12},"end":{"line":166,"column":48},"skip":true},"47":{"start":{"line":169,"column":8},"end":{"line":178,"column":10},"skip":true},"48":{"start":{"line":176,"column":12},"end":{"line":176,"column":25},"skip":true},"49":{"start":{"line":177,"column":12},"end":{"line":177,"column":46},"skip":true},"50":{"start":{"line":180,"column":8},"end":{"line":189,"column":10},"skip":true},"51":{"start":{"line":187,"column":12},"end":{"line":187,"column":94},"skip":true},"52":{"start":{"line":188,"column":12},"end":{"line":188,"column":48},"skip":true},"53":{"start":{"line":192,"column":8},"end":{"line":192,"column":35},"skip":true},"54":{"start":{"line":193,"column":8},"end":{"line":193,"column":14},"skip":true}},"branchMap":{"1":{"line":25,"type":"binary-expr","locations":[{"start":{"line":25,"column":23},"end":{"line":25,"column":62}},{"start":{"line":26,"column":20},"end":{"line":26,"column":70}},{"start":{"line":27,"column":20},"end":{"line":27,"column":71}},{"start":{"line":28,"column":20},"end":{"line":28,"column":29}}]},"2":{"line":30,"type":"binary-expr","locations":[{"start":{"line":30,"column":23},"end":{"line":30,"column":37}},{"start":{"line":31,"column":20},"end":{"line":31,"column":61}},{"start":{"line":32,"column":20},"end":{"line":32,"column":70}},{"start":{"line":33,"column":20},"end":{"line":33,"column":26}}]},"3":{"line":37,"type":"cond-expr","locations":[{"start":{"line":38,"column":14},"end":{"line":38,"column":20}},{"start":{"line":39,"column":14},"end":{"line":39,"column":20}}]},"4":{"line":40,"type":"switch","locations":[{"start":{"line":42,"column":8},"end":{"line":47,"column":18}},{"start":{"line":49,"column":8},"end":{"line":52,"column":18}}]},"5":{"line":44,"type":"binary-expr","locations":[{"start":{"line":44,"column":16},"end":{"line":44,"column":44}},{"start":{"line":44,"column":48},"end":{"line":44,"column":66}}]},"6":{"line":50,"type":"binary-expr","locations":[{"start":{"line":50,"column":21},"end":{"line":50,"column":49}},{"start":{"line":50,"column":53},"end":{"line":50,"column":72}}]},"7":{"line":64,"type":"switch","locations":[{"start":{"line":69,"column":4},"end":{"line":70,"column":14}},{"start":{"line":75,"column":4},"end":{"line":76,"column":14}}]},"8":{"line":85,"type":"switch","locations":[{"start":{"line":90,"column":4},"end":{"line":105,"column":14}},{"start":{"line":111,"column":4},"end":{"line":193,"column":14},"skip":true}]},"9":{"line":91,"type":"binary-expr","locations":[{"start":{"line":91,"column":42},"end":{"line":91,"column":73}},{"start":{"line":91,"column":77},"end":{"line":99,"column":9}}]},"10":{"line":102,"type":"binary-expr","locations":[{"start":{"line":102,"column":18},"end":{"line":102,"column":32}},{"start":{"line":103,"column":12},"end":{"line":103,"column":53}},{"start":{"line":104,"column":12},"end":{"line":104,"column":61}}]},"11":{"line":112,"type":"binary-expr","locations":[{"start":{"line":112,"column":45},"end":{"line":112,"column":79},"skip":true},{"start":{"line":112,"column":83},"end":{"line":121,"column":9},"skip":true}]},"12":{"line":123,"type":"binary-expr","locations":[{"start":{"line":123,"column":42},"end":{"line":123,"column":73},"skip":true},{"start":{"line":123,"column":77},"end":{"line":136,"column":9},"skip":true}]},"13":{"line":138,"type":"binary-expr","locations":[{"start":{"line":138,"column":48},"end":{"line":138,"column":85},"skip":true},{"start":{"line":139,"column":12},"end":{"line":145,"column":13},"skip":true}]},"14":{"line":147,"type":"binary-expr","locations":[{"start":{"line":147,"column":42},"end":{"line":147,"column":73},"skip":true},{"start":{"line":147,"column":77},"end":{"line":156,"column":9},"skip":true}]},"15":{"line":158,"type":"binary-expr","locations":[{"start":{"line":158,"column":45},"end":{"line":158,"column":79},"skip":true},{"start":{"line":158,"column":83},"end":{"line":167,"column":9},"skip":true}]},"16":{"line":169,"type":"binary-expr","locations":[{"start":{"line":169,"column":43},"end":{"line":169,"column":75},"skip":true},{"start":{"line":169,"column":79},"end":{"line":178,"column":9},"skip":true}]},"17":{"line":180,"type":"binary-expr","locations":[{"start":{"line":180,"column":41},"end":{"line":180,"column":71},"skip":true},{"start":{"line":180,"column":75},"end":{"line":189,"column":9},"skip":true}]}},"code":["/* istanbul instrument in package npmtest_ntwitter */","/*jslint","    bitwise: true,","    browser: true,","    maxerr: 8,","    maxlen: 96,","    node: true,","    nomen: true,","    regexp: true,","    stupid: true","*/","(function () {","    'use strict';","    var local;","","","","    // run shared js-env code - init-before","    (function () {","        // init local","        local = {};","        // init modeJs","        local.modeJs = (function () {","            try {","                return typeof navigator.userAgent === 'string' &&","                    typeof document.querySelector('body') === 'object' &&","                    typeof XMLHttpRequest.prototype.open === 'function' &&","                    'browser';","            } catch (errorCaughtBrowser) {","                return module.exports &&","                    typeof process.versions.node === 'string' &&","                    typeof require('http').createServer === 'function' &&","                    'node';","            }","        }());","        // init global","        local.global = local.modeJs === 'browser'","            ? window","            : global;","        switch (local.modeJs) {","        // re-init local from window.local","        case 'browser':","            local = local.global.utility2.objectSetDefault(","                local.global.utility2_rollup || local.global.local,","                local.global.utility2","            );","            break;","        // re-init local from example.js","        case 'node':","            local = (local.global.utility2_rollup || require('utility2'))","                .requireReadme();","            break;","        }","        // export local","        local.global.local = local;","    }());","","","","    // run shared js-env code - function","    (function () {","        return;","    }());","    switch (local.modeJs) {","","","","    // run browser js-env code - function","    case 'browser':","        break;","","","","    // run node js-env code - function","    case 'node':","        break;","    }","","","","    // run shared js-env code - init-after","    (function () {","        return;","    }());","    switch (local.modeJs) {","","","","    // run browser js-env code - init-after","    case 'browser':","        local.testCase_browser_nullCase = local.testCase_browser_nullCase || function (","            options,","            onError","        ) {","        /*","         * this function will test browsers's null-case handling-behavior-behavior","         */","            onError(null, options);","        };","","        // run tests","        local.nop(local.modeTest &&","            document.querySelector('#testRunButton1') &&","            document.querySelector('#testRunButton1').click());","        break;","","","","    // run node js-env code - init-after","    /* istanbul ignore next */","    case 'node':","        local.testCase_buildApidoc_default = local.testCase_buildApidoc_default || function (","            options,","            onError","        ) {","        /*","         * this function will test buildApidoc's default handling-behavior-behavior","         */","            options = { modulePathList: module.paths };","            local.buildApidoc(options, onError);","        };","","        local.testCase_buildApp_default = local.testCase_buildApp_default || function (","            options,","            onError","        ) {","        /*","         * this function will test buildApp's default handling-behavior-behavior","         */","            local.testCase_buildReadme_default(options, local.onErrorThrow);","            local.testCase_buildLib_default(options, local.onErrorThrow);","            local.testCase_buildTest_default(options, local.onErrorThrow);","            local.testCase_buildCustomOrg_default(options, local.onErrorThrow);","            options = [];","            local.buildApp(options, onError);","        };","","        local.testCase_buildCustomOrg_default = local.testCase_buildCustomOrg_default ||","            function (options, onError) {","            /*","             * this function will test buildCustomOrg's default handling-behavior","             */","                options = {};","                local.buildCustomOrg(options, onError);","            };","","        local.testCase_buildLib_default = local.testCase_buildLib_default || function (","            options,","            onError","        ) {","        /*","         * this function will test buildLib's default handling-behavior","         */","            options = {};","            local.buildLib(options, onError);","        };","","        local.testCase_buildReadme_default = local.testCase_buildReadme_default || function (","            options,","            onError","        ) {","        /*","         * this function will test buildReadme's default handling-behavior-behavior","         */","            options = {};","            local.buildReadme(options, onError);","        };","","        local.testCase_buildTest_default = local.testCase_buildTest_default || function (","            options,","            onError","        ) {","        /*","         * this function will test buildTest's default handling-behavior","         */","            options = {};","            local.buildTest(options, onError);","        };","","        local.testCase_webpage_default = local.testCase_webpage_default || function (","            options,","            onError","        ) {","        /*","         * this function will test webpage's default handling-behavior","         */","            options = { modeCoverageMerge: true, url: local.serverLocalHost + '?modeTest=1' };","            local.browserTest(options, onError);","        };","","        // run test-server","        local.testRunServer(local);","        break;","    }","}());",""],"l":{"12":2,"14":2,"19":2,"21":2,"23":2,"24":2,"25":2,"30":1,"37":2,"40":2,"43":1,"47":1,"50":1,"52":1,"55":2,"61":2,"62":2,"64":2,"70":1,"76":1,"82":2,"83":2,"85":2,"91":1,"98":1,"102":1,"105":1,"112":1,"119":1,"120":1,"123":1,"130":1,"131":1,"132":1,"133":1,"134":1,"135":1,"138":1,"143":2,"144":2,"147":1,"154":2,"155":2,"158":1,"165":2,"166":2,"169":1,"176":2,"177":2,"180":1,"187":1,"188":1,"192":1,"193":1}},"/home/travis/build/npmtest/node-npmtest-ntwitter/lib.npmtest_ntwitter.js":{"path":"/home/travis/build/npmtest/node-npmtest-ntwitter/lib.npmtest_ntwitter.js","s":{"1":2,"2":2,"3":2,"4":2,"5":2,"6":2,"7":2,"8":1,"9":2,"10":2,"11":2,"12":2,"13":1,"14":1,"15":1,"16":1},"b":{"1":[2,1,1,1],"2":[1,1,1,1],"3":[1,1],"4":[2,2],"5":[1,1]},"f":{"1":2,"2":2,"3":2},"fnMap":{"1":{"name":"(anonymous_1)","line":12,"loc":{"start":{"line":12,"column":1},"end":{"line":12,"column":13}}},"2":{"name":"(anonymous_2)","line":19,"loc":{"start":{"line":19,"column":5},"end":{"line":19,"column":17}}},"3":{"name":"(anonymous_3)","line":23,"loc":{"start":{"line":23,"column":24},"end":{"line":23,"column":36}}}},"statementMap":{"1":{"start":{"line":12,"column":0},"end":{"line":53,"column":5}},"2":{"start":{"line":14,"column":4},"end":{"line":14,"column":14}},"3":{"start":{"line":19,"column":4},"end":{"line":52,"column":9}},"4":{"start":{"line":21,"column":8},"end":{"line":21,"column":19}},"5":{"start":{"line":23,"column":8},"end":{"line":35,"column":13}},"6":{"start":{"line":24,"column":12},"end":{"line":34,"column":13}},"7":{"start":{"line":25,"column":16},"end":{"line":28,"column":30}},"8":{"start":{"line":30,"column":16},"end":{"line":33,"column":27}},"9":{"start":{"line":37,"column":8},"end":{"line":39,"column":21}},"10":{"start":{"line":41,"column":8},"end":{"line":41,"column":54}},"11":{"start":{"line":43,"column":8},"end":{"line":43,"column":53}},"12":{"start":{"line":45,"column":8},"end":{"line":51,"column":9}},"13":{"start":{"line":46,"column":12},"end":{"line":46,"column":59}},"14":{"start":{"line":48,"column":12},"end":{"line":48,"column":35}},"15":{"start":{"line":49,"column":12},"end":{"line":49,"column":49}},"16":{"start":{"line":50,"column":12},"end":{"line":50,"column":43}}},"branchMap":{"1":{"line":25,"type":"binary-expr","locations":[{"start":{"line":25,"column":23},"end":{"line":25,"column":62}},{"start":{"line":26,"column":20},"end":{"line":26,"column":70}},{"start":{"line":27,"column":20},"end":{"line":27,"column":71}},{"start":{"line":28,"column":20},"end":{"line":28,"column":29}}]},"2":{"line":30,"type":"binary-expr","locations":[{"start":{"line":30,"column":23},"end":{"line":30,"column":37}},{"start":{"line":31,"column":20},"end":{"line":31,"column":61}},{"start":{"line":32,"column":20},"end":{"line":32,"column":70}},{"start":{"line":33,"column":20},"end":{"line":33,"column":26}}]},"3":{"line":37,"type":"cond-expr","locations":[{"start":{"line":38,"column":14},"end":{"line":38,"column":20}},{"start":{"line":39,"column":14},"end":{"line":39,"column":20}}]},"4":{"line":41,"type":"binary-expr","locations":[{"start":{"line":41,"column":16},"end":{"line":41,"column":44}},{"start":{"line":41,"column":48},"end":{"line":41,"column":53}}]},"5":{"line":45,"type":"if","locations":[{"start":{"line":45,"column":8},"end":{"line":45,"column":8}},{"start":{"line":45,"column":8},"end":{"line":45,"column":8}}]}},"code":["/* istanbul instrument in package npmtest_ntwitter */","/*jslint","    bitwise: true,","    browser: true,","    maxerr: 8,","    maxlen: 96,","    node: true,","    nomen: true,","    regexp: true,","    stupid: true","*/","(function () {","    'use strict';","    var local;","","","","    // run shared js-env code - init-before","    (function () {","        // init local","        local = {};","        // init modeJs","        local.modeJs = (function () {","            try {","                return typeof navigator.userAgent === 'string' &&","                    typeof document.querySelector('body') === 'object' &&","                    typeof XMLHttpRequest.prototype.open === 'function' &&","                    'browser';","            } catch (errorCaughtBrowser) {","                return module.exports &&","                    typeof process.versions.node === 'string' &&","                    typeof require('http').createServer === 'function' &&","                    'node';","            }","        }());","        // init global","        local.global = local.modeJs === 'browser'","            ? window","            : global;","        // init utility2_rollup","        local = local.global.utility2_rollup || local;","        // init lib","        local.local = local.npmtest_ntwitter = local;","        // init exports","        if (local.modeJs === 'browser') {","            local.global.utility2_npmtest_ntwitter = local;","        } else {","            module.exports = local;","            module.exports.__dirname = __dirname;","            module.exports.module = module;","        }","    }());","}());",""],"l":{"12":2,"14":2,"19":2,"21":2,"23":2,"24":2,"25":2,"30":1,"37":2,"41":2,"43":2,"45":2,"46":1,"48":1,"49":1,"50":1}},"/home/travis/build/npmtest/node-npmtest-ntwitter/example.js":{"path":"/home/travis/build/npmtest/node-npmtest-ntwitter/example.js","s":{"1":2,"2":2,"3":2,"4":2,"5":2,"6":2,"7":2,"8":1,"9":2,"10":2,"11":2,"12":2,"13":1,"14":2,"15":2,"16":2,"17":2,"18":2,"19":0,"20":2,"21":1,"22":1,"23":1,"24":1,"25":1,"26":0,"27":0,"28":1,"29":1,"30":2,"31":0,"32":0,"33":0,"34":1,"35":2,"36":2,"37":3,"38":3,"39":3,"40":3,"41":0,"42":3,"43":3,"44":3,"45":1,"46":3,"47":1,"48":1,"49":1,"50":1,"51":1,"52":1,"53":1,"54":1,"55":1,"56":1,"57":0,"58":1,"59":6,"60":6,"61":1,"62":2,"63":0,"64":2,"65":1,"66":1,"67":0,"68":0,"69":0,"70":0,"71":0,"72":0,"73":0,"74":0,"75":0,"76":0,"77":0,"78":0,"79":0,"80":0,"81":0,"82":0,"83":0},"b":{"1":[2,1,1,1],"2":[1,1,1,1],"3":[1,1],"4":[2,2],"5":[1,1],"6":[1,1],"7":[2,0],"8":[2,1,1,1,1,1],"9":[0,2,0],"10":[1,1],"11":[2,1,1],"12":[1,0],"13":[0,2],"14":[2,0,0,0,0,0,0],"15":[0,3],"16":[3,0],"17":[1,1],"18":[0,1],"19":[1,2,0,2],"20":[1,0],"21":[1,1],"22":[0,0],"23":[0,0],"24":[0,0],"25":[0,0],"26":[0,0],"27":[0,0],"28":[0,0]},"f":{"1":2,"2":2,"3":2,"4":2,"5":2,"6":2,"7":3,"8":3,"9":3,"10":1,"11":6,"12":0},"fnMap":{"1":{"name":"(anonymous_1)","line":26,"loc":{"start":{"line":26,"column":1},"end":{"line":26,"column":13}}},"2":{"name":"(anonymous_2)","line":33,"loc":{"start":{"line":33,"column":5},"end":{"line":33,"column":17}}},"3":{"name":"(anonymous_3)","line":37,"loc":{"start":{"line":37,"column":24},"end":{"line":37,"column":36}}},"4":{"name":"(anonymous_4)","line":69,"loc":{"start":{"line":69,"column":31},"end":{"line":69,"column":48}},"skip":true},"5":{"name":"(anonymous_5)","line":78,"loc":{"start":{"line":78,"column":26},"end":{"line":78,"column":45}},"skip":true},"6":{"name":"(anonymous_6)","line":123,"loc":{"start":{"line":123,"column":33},"end":{"line":123,"column":48}},"skip":true},"7":{"name":"(anonymous_7)","line":125,"loc":{"start":{"line":125,"column":27},"end":{"line":125,"column":39}},"skip":true},"8":{"name":"(anonymous_8)","line":133,"loc":{"start":{"line":133,"column":59},"end":{"line":133,"column":74}},"skip":true},"9":{"name":"(anonymous_9)","line":143,"loc":{"start":{"line":143,"column":45},"end":{"line":143,"column":62}},"skip":true},"10":{"name":"(anonymous_10)","line":144,"loc":{"start":{"line":144,"column":73},"end":{"line":144,"column":92}},"skip":true},"11":{"name":"(anonymous_11)","line":272,"loc":{"start":{"line":272,"column":51},"end":{"line":272,"column":77}},"skip":true},"12":{"name":"(anonymous_12)","line":315,"loc":{"start":{"line":315,"column":32},"end":{"line":315,"column":61}},"skip":true}},"statementMap":{"1":{"start":{"line":26,"column":0},"end":{"line":326,"column":5}},"2":{"start":{"line":28,"column":4},"end":{"line":28,"column":14}},"3":{"start":{"line":33,"column":4},"end":{"line":60,"column":9}},"4":{"start":{"line":35,"column":8},"end":{"line":35,"column":19}},"5":{"start":{"line":37,"column":8},"end":{"line":49,"column":13}},"6":{"start":{"line":38,"column":12},"end":{"line":48,"column":13}},"7":{"start":{"line":39,"column":16},"end":{"line":42,"column":30}},"8":{"start":{"line":44,"column":16},"end":{"line":47,"column":27}},"9":{"start":{"line":51,"column":8},"end":{"line":53,"column":21}},"10":{"start":{"line":55,"column":8},"end":{"line":57,"column":45}},"11":{"start":{"line":59,"column":8},"end":{"line":59,"column":35}},"12":{"start":{"line":61,"column":4},"end":{"line":325,"column":5}},"13":{"start":{"line":69,"column":8},"end":{"line":121,"column":10},"skip":true},"14":{"start":{"line":70,"column":12},"end":{"line":88,"column":13},"skip":true},"15":{"start":{"line":76,"column":16},"end":{"line":87,"column":19},"skip":true},"16":{"start":{"line":79,"column":20},"end":{"line":86,"column":21},"skip":true},"17":{"start":{"line":82,"column":24},"end":{"line":82,"column":43},"skip":true},"18":{"start":{"line":83,"column":24},"end":{"line":83,"column":30},"skip":true},"19":{"start":{"line":85,"column":24},"end":{"line":85,"column":49},"skip":true},"20":{"start":{"line":89,"column":12},"end":{"line":107,"column":13},"skip":true},"21":{"start":{"line":92,"column":16},"end":{"line":102,"column":17},"skip":true},"22":{"start":{"line":93,"column":20},"end":{"line":93,"column":86},"skip":true},"23":{"start":{"line":94,"column":20},"end":{"line":95,"column":45},"skip":true},"24":{"start":{"line":96,"column":20},"end":{"line":96,"column":42},"skip":true},"25":{"start":{"line":97,"column":20},"end":{"line":97,"column":48},"skip":true},"26":{"start":{"line":100,"column":20},"end":{"line":100,"column":85},"skip":true},"27":{"start":{"line":101,"column":20},"end":{"line":101,"column":96},"skip":true},"28":{"start":{"line":103,"column":16},"end":{"line":103,"column":22},"skip":true},"29":{"start":{"line":106,"column":16},"end":{"line":106,"column":22},"skip":true},"30":{"start":{"line":108,"column":12},"end":{"line":120,"column":13},"skip":true},"31":{"start":{"line":114,"column":16},"end":{"line":119,"column":17},"skip":true},"32":{"start":{"line":116,"column":20},"end":{"line":116,"column":78},"skip":true},"33":{"start":{"line":118,"column":20},"end":{"line":118,"column":47},"skip":true},"34":{"start":{"line":123,"column":8},"end":{"line":141,"column":11},"skip":true},"35":{"start":{"line":124,"column":12},"end":{"line":124,"column":54},"skip":true},"36":{"start":{"line":125,"column":12},"end":{"line":140,"column":14},"skip":true},"37":{"start":{"line":126,"column":16},"end":{"line":126,"column":28},"skip":true},"38":{"start":{"line":127,"column":16},"end":{"line":127,"column":69},"skip":true},"39":{"start":{"line":128,"column":16},"end":{"line":128,"column":75},"skip":true},"40":{"start":{"line":129,"column":16},"end":{"line":131,"column":17},"skip":true},"41":{"start":{"line":130,"column":20},"end":{"line":130,"column":27},"skip":true},"42":{"start":{"line":133,"column":16},"end":{"line":137,"column":36},"skip":true},"43":{"start":{"line":134,"column":20},"end":{"line":136,"column":55},"skip":true},"44":{"start":{"line":139,"column":16},"end":{"line":139,"column":57},"skip":true},"45":{"start":{"line":143,"column":8},"end":{"line":147,"column":11},"skip":true},"46":{"start":{"line":144,"column":12},"end":{"line":146,"column":15},"skip":true},"47":{"start":{"line":145,"column":16},"end":{"line":145,"column":70},"skip":true},"48":{"start":{"line":149,"column":8},"end":{"line":149,"column":31},"skip":true},"49":{"start":{"line":150,"column":8},"end":{"line":150,"column":14},"skip":true},"50":{"start":{"line":158,"column":8},"end":{"line":158,"column":31},"skip":true},"51":{"start":{"line":160,"column":8},"end":{"line":160,"column":33},"skip":true},"52":{"start":{"line":161,"column":8},"end":{"line":161,"column":37},"skip":true},"53":{"start":{"line":162,"column":8},"end":{"line":162,"column":35},"skip":true},"54":{"start":{"line":164,"column":8},"end":{"line":164,"column":50},"skip":true},"55":{"start":{"line":166,"column":8},"end":{"line":256,"column":2},"skip":true},"56":{"start":{"line":258,"column":8},"end":{"line":286,"column":9},"skip":true},"57":{"start":{"line":259,"column":12},"end":{"line":269,"column":14},"skip":true},"58":{"start":{"line":271,"column":12},"end":{"line":285,"column":19},"skip":true},"59":{"start":{"line":274,"column":20},"end":{"line":274,"column":35},"skip":true},"60":{"start":{"line":275,"column":20},"end":{"line":284,"column":21},"skip":true},"61":{"start":{"line":277,"column":24},"end":{"line":277,"column":64},"skip":true},"62":{"start":{"line":279,"column":24},"end":{"line":279,"column":40},"skip":true},"63":{"start":{"line":281,"column":24},"end":{"line":281,"column":40},"skip":true},"64":{"start":{"line":283,"column":24},"end":{"line":283,"column":39},"skip":true},"65":{"start":{"line":288,"column":8},"end":{"line":290,"column":9},"skip":true},"66":{"start":{"line":289,"column":12},"end":{"line":289,"column":18},"skip":true},"67":{"start":{"line":291,"column":8},"end":{"line":293,"column":54},"skip":true},"68":{"start":{"line":296,"column":8},"end":{"line":301,"column":37},"skip":true},"69":{"start":{"line":303,"column":8},"end":{"line":303,"column":82},"skip":true},"70":{"start":{"line":306,"column":8},"end":{"line":308,"column":9},"skip":true},"71":{"start":{"line":307,"column":12},"end":{"line":307,"column":82},"skip":true},"72":{"start":{"line":310,"column":8},"end":{"line":312,"column":9},"skip":true},"73":{"start":{"line":311,"column":12},"end":{"line":311,"column":18},"skip":true},"74":{"start":{"line":313,"column":8},"end":{"line":313,"column":54},"skip":true},"75":{"start":{"line":314,"column":8},"end":{"line":314,"column":69},"skip":true},"76":{"start":{"line":315,"column":8},"end":{"line":323,"column":36},"skip":true},"77":{"start":{"line":316,"column":12},"end":{"line":316,"column":61},"skip":true},"78":{"start":{"line":317,"column":12},"end":{"line":320,"column":13},"skip":true},"79":{"start":{"line":318,"column":16},"end":{"line":318,"column":75},"skip":true},"80":{"start":{"line":319,"column":16},"end":{"line":319,"column":23},"skip":true},"81":{"start":{"line":321,"column":12},"end":{"line":321,"column":38},"skip":true},"82":{"start":{"line":322,"column":12},"end":{"line":322,"column":27},"skip":true},"83":{"start":{"line":324,"column":8},"end":{"line":324,"column":14},"skip":true}},"branchMap":{"1":{"line":39,"type":"binary-expr","locations":[{"start":{"line":39,"column":23},"end":{"line":39,"column":62}},{"start":{"line":40,"column":20},"end":{"line":40,"column":70}},{"start":{"line":41,"column":20},"end":{"line":41,"column":71}},{"start":{"line":42,"column":20},"end":{"line":42,"column":29}}]},"2":{"line":44,"type":"binary-expr","locations":[{"start":{"line":44,"column":23},"end":{"line":44,"column":37}},{"start":{"line":45,"column":20},"end":{"line":45,"column":61}},{"start":{"line":46,"column":20},"end":{"line":46,"column":70}},{"start":{"line":47,"column":20},"end":{"line":47,"column":26}}]},"3":{"line":51,"type":"cond-expr","locations":[{"start":{"line":52,"column":14},"end":{"line":52,"column":20}},{"start":{"line":53,"column":14},"end":{"line":53,"column":20}}]},"4":{"line":55,"type":"binary-expr","locations":[{"start":{"line":55,"column":16},"end":{"line":55,"column":44}},{"start":{"line":55,"column":49},"end":{"line":57,"column":43}}]},"5":{"line":55,"type":"cond-expr","locations":[{"start":{"line":56,"column":14},"end":{"line":56,"column":52}},{"start":{"line":57,"column":14},"end":{"line":57,"column":43}}]},"6":{"line":61,"type":"switch","locations":[{"start":{"line":68,"column":4},"end":{"line":150,"column":14},"skip":true},{"start":{"line":156,"column":4},"end":{"line":324,"column":14},"skip":true}]},"7":{"line":70,"type":"if","locations":[{"start":{"line":70,"column":12},"end":{"line":70,"column":12},"skip":true},{"start":{"line":70,"column":12},"end":{"line":70,"column":12},"skip":true}]},"8":{"line":70,"type":"binary-expr","locations":[{"start":{"line":70,"column":16},"end":{"line":70,"column":22},"skip":true},{"start":{"line":70,"column":27},"end":{"line":70,"column":32},"skip":true},{"start":{"line":71,"column":20},"end":{"line":71,"column":39},"skip":true},{"start":{"line":72,"column":20},"end":{"line":72,"column":49},"skip":true},{"start":{"line":73,"column":20},"end":{"line":73,"column":58},"skip":true},{"start":{"line":74,"column":20},"end":{"line":74,"column":69},"skip":true}]},"9":{"line":79,"type":"switch","locations":[{"start":{"line":80,"column":20},"end":{"line":80,"column":33},"skip":true},{"start":{"line":81,"column":20},"end":{"line":83,"column":30},"skip":true},{"start":{"line":84,"column":20},"end":{"line":85,"column":49},"skip":true}]},"10":{"line":89,"type":"switch","locations":[{"start":{"line":90,"column":12},"end":{"line":103,"column":22},"skip":true},{"start":{"line":105,"column":12},"end":{"line":106,"column":22},"skip":true}]},"11":{"line":89,"type":"binary-expr","locations":[{"start":{"line":89,"column":20},"end":{"line":89,"column":25},"skip":true},{"start":{"line":89,"column":29},"end":{"line":89,"column":48},"skip":true},{"start":{"line":89,"column":52},"end":{"line":89,"column":74},"skip":true}]},"12":{"line":92,"type":"if","locations":[{"start":{"line":92,"column":16},"end":{"line":92,"column":16},"skip":true},{"start":{"line":92,"column":16},"end":{"line":92,"column":16},"skip":true}]},"13":{"line":108,"type":"if","locations":[{"start":{"line":108,"column":12},"end":{"line":108,"column":12},"skip":true},{"start":{"line":108,"column":12},"end":{"line":108,"column":12},"skip":true}]},"14":{"line":108,"type":"binary-expr","locations":[{"start":{"line":108,"column":16},"end":{"line":108,"column":61},"skip":true},{"start":{"line":108,"column":66},"end":{"line":108,"column":72},"skip":true},{"start":{"line":108,"column":77},"end":{"line":108,"column":82},"skip":true},{"start":{"line":109,"column":20},"end":{"line":109,"column":39},"skip":true},{"start":{"line":110,"column":20},"end":{"line":110,"column":49},"skip":true},{"start":{"line":111,"column":20},"end":{"line":111,"column":58},"skip":true},{"start":{"line":112,"column":20},"end":{"line":112,"column":68},"skip":true}]},"15":{"line":129,"type":"if","locations":[{"start":{"line":129,"column":16},"end":{"line":129,"column":16},"skip":true},{"start":{"line":129,"column":16},"end":{"line":129,"column":16},"skip":true}]},"16":{"line":134,"type":"cond-expr","locations":[{"start":{"line":135,"column":26},"end":{"line":135,"column":29},"skip":true},{"start":{"line":136,"column":26},"end":{"line":136,"column":54},"skip":true}]},"17":{"line":164,"type":"binary-expr","locations":[{"start":{"line":164,"column":27},"end":{"line":164,"column":43},"skip":true},{"start":{"line":164,"column":47},"end":{"line":164,"column":49},"skip":true}]},"18":{"line":258,"type":"if","locations":[{"start":{"line":258,"column":8},"end":{"line":258,"column":8},"skip":true},{"start":{"line":258,"column":8},"end":{"line":258,"column":8},"skip":true}]},"19":{"line":275,"type":"switch","locations":[{"start":{"line":276,"column":20},"end":{"line":277,"column":64},"skip":true},{"start":{"line":278,"column":20},"end":{"line":279,"column":40},"skip":true},{"start":{"line":280,"column":20},"end":{"line":281,"column":40},"skip":true},{"start":{"line":282,"column":20},"end":{"line":283,"column":39},"skip":true}]},"20":{"line":288,"type":"if","locations":[{"start":{"line":288,"column":8},"end":{"line":288,"column":8},"skip":true},{"start":{"line":288,"column":8},"end":{"line":288,"column":8},"skip":true}]},"21":{"line":288,"type":"binary-expr","locations":[{"start":{"line":288,"column":12},"end":{"line":288,"column":40},"skip":true},{"start":{"line":288,"column":44},"end":{"line":288,"column":67},"skip":true}]},"22":{"line":292,"type":"binary-expr","locations":[{"start":{"line":292,"column":12},"end":{"line":292,"column":50},"skip":true},{"start":{"line":293,"column":12},"end":{"line":293,"column":53},"skip":true}]},"23":{"line":297,"type":"binary-expr","locations":[{"start":{"line":297,"column":12},"end":{"line":297,"column":66},"skip":true},{"start":{"line":298,"column":12},"end":{"line":301,"column":36},"skip":true}]},"24":{"line":303,"type":"binary-expr","locations":[{"start":{"line":303,"column":43},"end":{"line":303,"column":75},"skip":true},{"start":{"line":303,"column":79},"end":{"line":303,"column":81},"skip":true}]},"25":{"line":306,"type":"if","locations":[{"start":{"line":306,"column":8},"end":{"line":306,"column":8},"skip":true},{"start":{"line":306,"column":8},"end":{"line":306,"column":8},"skip":true}]},"26":{"line":310,"type":"if","locations":[{"start":{"line":310,"column":8},"end":{"line":310,"column":8},"skip":true},{"start":{"line":310,"column":8},"end":{"line":310,"column":8},"skip":true}]},"27":{"line":313,"type":"binary-expr","locations":[{"start":{"line":313,"column":27},"end":{"line":313,"column":43},"skip":true},{"start":{"line":313,"column":47},"end":{"line":313,"column":53},"skip":true}]},"28":{"line":317,"type":"if","locations":[{"start":{"line":317,"column":12},"end":{"line":317,"column":12},"skip":true},{"start":{"line":317,"column":12},"end":{"line":317,"column":12},"skip":true}]}},"code":["/*","example.js","","quickstart example","","instruction","    1. save this script as example.js","    2. run the shell command:","        $ npm install npmtest-ntwitter && PORT=8081 node example.js","    3. play with the browser-demo on http://127.0.0.1:8081","*/","","","","/* istanbul instrument in package npmtest_ntwitter */","/*jslint","    bitwise: true,","    browser: true,","    maxerr: 8,","    maxlen: 96,","    node: true,","    nomen: true,","    regexp: true,","    stupid: true","*/","(function () {","    'use strict';","    var local;","","","","    // run shared js-env code - init-before","    (function () {","        // init local","        local = {};","        // init modeJs","        local.modeJs = (function () {","            try {","                return typeof navigator.userAgent === 'string' &&","                    typeof document.querySelector('body') === 'object' &&","                    typeof XMLHttpRequest.prototype.open === 'function' &&","                    'browser';","            } catch (errorCaughtBrowser) {","                return module.exports &&","                    typeof process.versions.node === 'string' &&","                    typeof require('http').createServer === 'function' &&","                    'node';","            }","        }());","        // init global","        local.global = local.modeJs === 'browser'","            ? window","            : global;","        // init utility2_rollup","        local = local.global.utility2_rollup || (local.modeJs === 'browser'","            ? local.global.utility2_npmtest_ntwitter","            : global.utility2_moduleExports);","        // export local","        local.global.local = local;","    }());","    switch (local.modeJs) {","","","","    // init-after","    // run browser js-env code - init-after","    /* istanbul ignore next */","    case 'browser':","        local.testRunBrowser = function (event) {","            if (!event || (event &&","                    event.currentTarget &&","                    event.currentTarget.className &&","                    event.currentTarget.className.includes &&","                    event.currentTarget.className.includes('onreset'))) {","                // reset output","                Array.from(","                    document.querySelectorAll('body > .resettable')","                ).forEach(function (element) {","                    switch (element.tagName) {","                    case 'INPUT':","                    case 'TEXTAREA':","                        element.value = '';","                        break;","                    default:","                        element.textContent = '';","                    }","                });","            }","            switch (event && event.currentTarget && event.currentTarget.id) {","            case 'testRunButton1':","                // show tests","                if (document.querySelector('#testReportDiv1').style.display === 'none') {","                    document.querySelector('#testReportDiv1').style.display = 'block';","                    document.querySelector('#testRunButton1').textContent =","                        'hide internal test';","                    local.modeTest = true;","                    local.testRunDefault(local);","                // hide tests","                } else {","                    document.querySelector('#testReportDiv1').style.display = 'none';","                    document.querySelector('#testRunButton1').textContent = 'run internal test';","                }","                break;","            // custom-case","            default:","                break;","            }","            if (document.querySelector('#inputTextareaEval1') && (!event || (event &&","                    event.currentTarget &&","                    event.currentTarget.className &&","                    event.currentTarget.className.includes &&","                    event.currentTarget.className.includes('oneval')))) {","                // try to eval input-code","                try {","                    /*jslint evil: true*/","                    eval(document.querySelector('#inputTextareaEval1').value);","                } catch (errorCaught) {","                    console.error(errorCaught);","                }","            }","        };","        // log stderr and stdout to #outputTextareaStdout1","        ['error', 'log'].forEach(function (key) {","            console[key + '_original'] = console[key];","            console[key] = function () {","                var element;","                console[key + '_original'].apply(console, arguments);","                element = document.querySelector('#outputTextareaStdout1');","                if (!element) {","                    return;","                }","                // append text to #outputTextareaStdout1","                element.value += Array.from(arguments).map(function (arg) {","                    return typeof arg === 'string'","                        ? arg","                        : JSON.stringify(arg, null, 4);","                }).join(' ') + '\\n';","                // scroll textarea to bottom","                element.scrollTop = element.scrollHeight;","            };","        });","        // init event-handling","        ['change', 'click', 'keyup'].forEach(function (event) {","            Array.from(document.querySelectorAll('.on' + event)).forEach(function (element) {","                element.addEventListener(event, local.testRunBrowser);","            });","        });","        // run tests","        local.testRunBrowser();","        break;","","","","    // run node js-env code - init-after","    /* istanbul ignore next */","    case 'node':","        // export local","        module.exports = local;","        // require modules","        local.fs = require('fs');","        local.http = require('http');","        local.url = require('url');","        // init assets","        local.assetsDict = local.assetsDict || {};","        /* jslint-ignore-begin */","        local.assetsDict['/assets.index.template.html'] = '\\","<!doctype html>\\n\\","<html lang=\"en\">\\n\\","<head>\\n\\","<meta charset=\"UTF-8\">\\n\\","<meta name=\"viewport\" content=\"width=device-width, initial-scale=1\">\\n\\","<title>{{env.npm_package_name}} (v{{env.npm_package_version}})</title>\\n\\","<style>\\n\\","/*csslint\\n\\","    box-sizing: false,\\n\\","    universal-selector: false\\n\\","*/\\n\\","* {\\n\\","    box-sizing: border-box;\\n\\","}\\n\\","body {\\n\\","    background: #dde;\\n\\","    font-family: Arial, Helvetica, sans-serif;\\n\\","    margin: 2rem;\\n\\","}\\n\\","body > * {\\n\\","    margin-bottom: 1rem;\\n\\","}\\n\\",".utility2FooterDiv {\\n\\","    margin-top: 20px;\\n\\","    text-align: center;\\n\\","}\\n\\","</style>\\n\\","<style>\\n\\","/*csslint\\n\\","*/\\n\\","textarea {\\n\\","    font-family: monospace;\\n\\","    height: 10rem;\\n\\","    width: 100%;\\n\\","}\\n\\","textarea[readonly] {\\n\\","    background: #ddd;\\n\\","}\\n\\","</style>\\n\\","</head>\\n\\","<body>\\n\\","<!-- utility2-comment\\n\\","<div id=\"ajaxProgressDiv1\" style=\"background: #d00; height: 2px; left: 0; margin: 0; padding: 0; position: fixed; top: 0; transition: background 0.5s, width 1.5s; width: 25%;\"></div>\\n\\","utility2-comment -->\\n\\","<h1>\\n\\","<!-- utility2-comment\\n\\","    <a\\n\\","        {{#if env.npm_package_homepage}}\\n\\","        href=\"{{env.npm_package_homepage}}\"\\n\\","        {{/if env.npm_package_homepage}}\\n\\","        target=\"_blank\"\\n\\","    >\\n\\","utility2-comment -->\\n\\","        {{env.npm_package_name}} (v{{env.npm_package_version}})\\n\\","<!-- utility2-comment\\n\\","    </a>\\n\\","utility2-comment -->\\n\\","</h1>\\n\\","<h3>{{env.npm_package_description}}</h3>\\n\\","<!-- utility2-comment\\n\\","<h4><a download href=\"assets.app.js\">download standalone app</a></h4>\\n\\","<button class=\"onclick onreset\" id=\"testRunButton1\">run internal test</button><br>\\n\\","<div id=\"testReportDiv1\" style=\"display: none;\"></div>\\n\\","utility2-comment -->\\n\\","\\n\\","\\n\\","\\n\\","<label>stderr and stdout</label>\\n\\","<textarea class=\"resettable\" id=\"outputTextareaStdout1\" readonly></textarea>\\n\\","<!-- utility2-comment\\n\\","{{#if isRollup}}\\n\\","<script src=\"assets.app.js\"></script>\\n\\","{{#unless isRollup}}\\n\\","utility2-comment -->\\n\\","<script src=\"assets.utility2.rollup.js\"></script>\\n\\","<script src=\"jsonp.utility2._stateInit?callback=window.utility2._stateInit\"></script>\\n\\","<script src=\"assets.npmtest_ntwitter.rollup.js\"></script>\\n\\","<script src=\"assets.example.js\"></script>\\n\\","<script src=\"assets.test.js\"></script>\\n\\","<!-- utility2-comment\\n\\","{{/if isRollup}}\\n\\","utility2-comment -->\\n\\","<div class=\"utility2FooterDiv\">\\n\\","    [ this app was created with\\n\\","    <a href=\"https://github.com/kaizhu256/node-utility2\" target=\"_blank\">utility2</a>\\n\\","    ]\\n\\","</div>\\n\\","</body>\\n\\","</html>\\n\\","';","        /* jslint-ignore-end */","        if (local.templateRender) {","            local.assetsDict['/'] = local.templateRender(","                local.assetsDict['/assets.index.template.html'],","                {","                    env: local.objectSetDefault(local.env, {","                        npm_package_description: 'the greatest app in the world!',","                        npm_package_name: 'my-app',","                        npm_package_nameAlias: 'my_app',","                        npm_package_version: '0.0.1'","                    })","                }","            );","        } else {","            local.assetsDict['/'] = local.assetsDict['/assets.index.template.html']","                .replace((/\\{\\{env\\.(\\w+?)\\}\\}/g), function (match0, match1) {","                    // jslint-hack","                    String(match0);","                    switch (match1) {","                    case 'npm_package_description':","                        return 'the greatest app in the world!';","                    case 'npm_package_name':","                        return 'my-app';","                    case 'npm_package_nameAlias':","                        return 'my_app';","                    case 'npm_package_version':","                        return '0.0.1';","                    }","                });","        }","        // run the cli","        if (local.global.utility2_rollup || module !== require.main) {","            break;","        }","        local.assetsDict['/assets.example.js'] =","            local.assetsDict['/assets.example.js'] ||","            local.fs.readFileSync(__filename, 'utf8');","        // bug-workaround - long $npm_package_buildCustomOrg","        /* jslint-ignore-begin */","        local.assetsDict['/assets.npmtest_ntwitter.rollup.js'] =","            local.assetsDict['/assets.npmtest_ntwitter.rollup.js'] ||","            local.fs.readFileSync(","                local.npmtest_ntwitter.__dirname + '/lib.npmtest_ntwitter.js',","                'utf8'","            ).replace((/^#!/), '//');","        /* jslint-ignore-end */","        local.assetsDict['/favicon.ico'] = local.assetsDict['/favicon.ico'] || '';","        // if $npm_config_timeout_exit exists,","        // then exit this process after $npm_config_timeout_exit ms","        if (Number(process.env.npm_config_timeout_exit)) {","            setTimeout(process.exit, Number(process.env.npm_config_timeout_exit));","        }","        // start server","        if (local.global.utility2_serverHttp1) {","            break;","        }","        process.env.PORT = process.env.PORT || '8081';","        console.error('server starting on port ' + process.env.PORT);","        local.http.createServer(function (request, response) {","            request.urlParsed = local.url.parse(request.url);","            if (local.assetsDict[request.urlParsed.pathname] !== undefined) {","                response.end(local.assetsDict[request.urlParsed.pathname]);","                return;","            }","            response.statusCode = 404;","            response.end();","        }).listen(process.env.PORT);","        break;","    }","}());",""],"l":{"26":2,"28":2,"33":2,"35":2,"37":2,"38":2,"39":2,"44":1,"51":2,"55":2,"59":2,"61":2,"69":1,"70":2,"76":2,"79":2,"82":2,"83":2,"85":1,"89":2,"92":1,"93":1,"94":1,"96":1,"97":1,"100":1,"101":1,"103":1,"106":1,"108":2,"114":1,"116":1,"118":1,"123":1,"124":2,"125":2,"126":3,"127":3,"128":3,"129":3,"130":1,"133":3,"134":3,"139":3,"143":1,"144":3,"145":1,"149":1,"150":1,"158":1,"160":1,"161":1,"162":1,"164":1,"166":1,"258":1,"259":1,"271":1,"274":6,"275":6,"277":1,"279":2,"281":1,"283":2,"288":1,"289":1,"291":1,"296":1,"303":1,"306":1,"307":1,"310":1,"311":1,"313":1,"314":1,"315":1,"316":1,"317":1,"318":1,"319":1,"321":1,"322":1,"324":1}},"/home/travis/build/npmtest/node-npmtest-ntwitter/node_modules/ntwitter/lib/twitter.js":{"path":"/home/travis/build/npmtest/node-npmtest-ntwitter/node_modules/ntwitter/lib/twitter.js","s":{"1":1,"2":1,"3":1,"4":0,"5":0,"6":0,"7":0,"8":0,"9":1,"10":1,"11":1,"12":0,"13":0,"14":0,"15":0,"16":0,"17":0,"18":0,"19":0,"20":0,"21":0,"22":0,"23":0,"24":0,"25":0,"26":0,"27":0,"28":0,"29":0,"30":0,"31":0,"32":0,"33":1,"34":0,"35":0,"36":0,"37":0,"38":0,"39":0,"40":0,"41":0,"42":0,"43":0,"44":0,"45":0,"46":0,"47":0,"48":0,"49":0,"50":0,"51":0,"52":0,"53":0,"54":0,"55":0,"56":0,"57":0,"58":0,"59":0,"60":0,"61":0,"62":0,"63":1,"64":0,"65":0,"66":0,"67":0,"68":0,"69":0,"70":0,"71":0,"72":0,"73":0,"74":1,"75":0,"76":0,"77":0,"78":0,"79":0,"80":0,"81":0,"82":0,"83":0,"84":0,"85":0,"86":0,"87":0,"88":0,"89":0,"90":0,"91":0,"92":0,"93":0,"94":0,"95":0,"96":0,"97":0,"98":1,"99":0,"100":0,"101":0,"102":0,"103":0,"104":0,"105":0,"106":0,"107":0,"108":0,"109":0,"110":0,"111":0,"112":0,"113":0,"114":0,"115":0,"116":0,"117":0,"118":0,"119":0,"120":0,"121":0,"122":0,"123":0,"124":1,"125":0,"126":0,"127":0,"128":0,"129":0,"130":0,"131":0,"132":0,"133":0,"134":0,"135":1,"136":0,"137":0,"138":0,"139":0,"140":0,"141":0,"142":0,"143":0,"144":0,"145":0,"146":0,"147":0,"148":0,"149":0,"150":0,"151":0,"152":0,"153":0,"154":0,"155":0,"156":0,"157":0,"158":0,"159":0,"160":0,"161":0,"162":0,"163":0,"164":0,"165":0,"166":0,"167":0,"168":0,"169":0,"170":0,"171":0,"172":0,"173":0,"174":0,"175":0,"176":0,"177":0,"178":0,"179":0,"180":0,"181":1,"182":0,"183":0,"184":0,"185":0,"186":0,"187":0,"188":0,"189":1,"190":0,"191":0,"192":0,"193":1,"194":0,"195":0,"196":0,"197":1,"198":0,"199":0,"200":0,"201":1,"202":0,"203":0,"204":0,"205":1,"206":0,"207":0,"208":0,"209":1,"210":0,"211":0,"212":0,"213":1,"214":0,"215":0,"216":0,"217":1,"218":0,"219":0,"220":0,"221":1,"222":0,"223":0,"224":0,"225":1,"226":0,"227":0,"228":0,"229":1,"230":0,"231":0,"232":0,"233":1,"234":1,"235":0,"236":0,"237":0,"238":0,"239":0,"240":0,"241":0,"242":0,"243":1,"244":0,"245":0,"246":0,"247":1,"248":1,"249":0,"250":0,"251":0,"252":1,"253":0,"254":0,"255":0,"256":1,"257":0,"258":0,"259":0,"260":1,"261":0,"262":0,"263":0,"264":1,"265":0,"266":0,"267":0,"268":0,"269":0,"270":0,"271":0,"272":0,"273":0,"274":0,"275":0,"276":0,"277":0,"278":1,"279":1,"280":0,"281":0,"282":0,"283":0,"284":0,"285":0,"286":0,"287":1,"288":1,"289":0,"290":0,"291":0,"292":0,"293":0,"294":0,"295":0,"296":0,"297":0,"298":0,"299":0,"300":0,"301":0,"302":1,"303":0,"304":0,"305":1,"306":0,"307":0,"308":1,"309":0,"310":0,"311":0,"312":0,"313":0,"314":1,"315":0,"316":0,"317":0,"318":1,"319":0,"320":0,"321":0,"322":1,"323":0,"324":0,"325":0,"326":0,"327":0,"328":0,"329":0,"330":0,"331":0,"332":0,"333":0,"334":1,"335":0,"336":0,"337":0,"338":0,"339":0,"340":0,"341":0,"342":0,"343":0,"344":0,"345":0,"346":1,"347":0,"348":0,"349":0,"350":0,"351":0,"352":0,"353":0,"354":0,"355":0,"356":0,"357":0,"358":1,"359":0,"360":0,"361":0,"362":1,"363":0,"364":0,"365":0,"366":1,"367":1,"368":0,"369":0,"370":0,"371":0,"372":0,"373":0,"374":0,"375":1,"376":0,"377":0,"378":0,"379":1,"380":0,"381":0,"382":0,"383":1,"384":1,"385":0,"386":0,"387":0,"388":0,"389":0,"390":0,"391":0,"392":1,"393":0,"394":0,"395":0,"396":0,"397":0,"398":0,"399":0,"400":1,"401":0,"402":0,"403":0,"404":1,"405":0,"406":0,"407":0,"408":1,"409":1,"410":0,"411":0,"412":0,"413":0,"414":0,"415":0,"416":0,"417":0,"418":0,"419":0,"420":0,"421":1,"422":1,"423":0,"424":0,"425":0,"426":1,"427":1,"428":0,"429":0,"430":0,"431":0,"432":0,"433":0,"434":0,"435":0,"436":0,"437":0,"438":0,"439":1,"440":0,"441":0,"442":0,"443":0,"444":0,"445":0,"446":0,"447":0,"448":0,"449":0,"450":1,"451":1,"452":0,"453":0,"454":0,"455":0,"456":0,"457":0,"458":0,"459":0,"460":0,"461":0,"462":1,"463":0,"464":0,"465":0,"466":1,"467":1,"468":0,"469":0,"470":0,"471":1,"472":1,"473":0,"474":0,"475":0,"476":0,"477":0,"478":0,"479":0,"480":0,"481":0,"482":0,"483":0,"484":0,"485":0,"486":1,"487":0,"488":0,"489":0,"490":0,"491":0,"492":0,"493":0,"494":0,"495":0,"496":0,"497":0,"498":1,"499":0,"500":0,"501":0,"502":0,"503":0,"504":0,"505":0,"506":0,"507":0,"508":0,"509":0,"510":1,"511":0,"512":0,"513":0,"514":1,"515":0,"516":0,"517":0,"518":1,"519":0,"520":0,"521":0,"522":0,"523":0,"524":1,"525":0,"526":0,"527":0,"528":0,"529":0,"530":1,"531":0,"532":0,"533":0,"534":1,"535":0,"536":0,"537":0,"538":1,"539":1,"540":0,"541":0,"542":0,"543":1,"544":1,"545":0,"546":0,"547":0,"548":0,"549":0,"550":0,"551":0,"552":1,"553":1,"554":0,"555":0,"556":0,"557":0,"558":0,"559":0,"560":0,"561":1,"562":1,"563":0,"564":0,"565":0,"566":0,"567":0,"568":0,"569":0,"570":1,"571":1,"572":0,"573":0,"574":0,"575":0,"576":0,"577":0,"578":0,"579":1,"580":0,"581":0,"582":0,"583":1,"584":0,"585":0,"586":0,"587":1,"588":0,"589":0,"590":0,"591":1,"592":1,"593":0,"594":0,"595":0,"596":1,"597":1,"598":0,"599":0,"600":0,"601":1,"602":0,"603":0,"604":0,"605":0,"606":0,"607":0,"608":0,"609":0,"610":0,"611":0,"612":0,"613":0,"614":0,"615":1,"616":0,"617":0,"618":0,"619":0,"620":0,"621":0,"622":0,"623":0,"624":0,"625":0,"626":0,"627":0,"628":1,"629":0,"630":0,"631":0,"632":1,"633":0,"634":0,"635":0,"636":1,"637":0,"638":0,"639":0,"640":0,"641":0,"642":0,"643":1,"644":0,"645":0,"646":0,"647":0,"648":0,"649":0,"650":0,"651":0,"652":0},"b":{"1":[0,0],"2":[0,0],"3":[0,0],"4":[0,0],"5":[0,0],"6":[0,0],"7":[0,0],"8":[0,0],"9":[0,0],"10":[0,0],"11":[0,0],"12":[0,0],"13":[0,0],"14":[0,0],"15":[0,0],"16":[0,0],"17":[0,0],"18":[0,0],"19":[0,0],"20":[0,0],"21":[0,0],"22":[0,0],"23":[0,0],"24":[0,0],"25":[0,0],"26":[0,0],"27":[0,0],"28":[0,0],"29":[0,0],"30":[0,0],"31":[0,0],"32":[0,0],"33":[0,0],"34":[0,0],"35":[0,0],"36":[0,0],"37":[0,0],"38":[0,0],"39":[0,0],"40":[0,0],"41":[0,0],"42":[0,0],"43":[0,0],"44":[0,0,0],"45":[0,0],"46":[0,0],"47":[0,0,0,0,0],"48":[0,0,0],"49":[0,0,0],"50":[0,0],"51":[0,0],"52":[0,0],"53":[0,0],"54":[0,0],"55":[0,0],"56":[0,0],"57":[0,0,0],"58":[0,0],"59":[0,0],"60":[0,0],"61":[0,0],"62":[0,0],"63":[0,0],"64":[0,0],"65":[0,0],"66":[0,0],"67":[0,0],"68":[0,0],"69":[0,0],"70":[0,0],"71":[0,0],"72":[0,0],"73":[0,0],"74":[0,0],"75":[0,0],"76":[0,0],"77":[0,0],"78":[0,0],"79":[0,0],"80":[0,0],"81":[0,0],"82":[0,0],"83":[0,0],"84":[0,0],"85":[0,0],"86":[0,0],"87":[0,0],"88":[0,0],"89":[0,0],"90":[0,0],"91":[0,0],"92":[0,0],"93":[0,0],"94":[0,0],"95":[0,0],"96":[0,0],"97":[0,0],"98":[0,0,0],"99":[0,0],"100":[0,0],"101":[0,0],"102":[0,0],"103":[0,0],"104":[0,0],"105":[0,0],"106":[0,0],"107":[0,0],"108":[0,0]},"f":{"1":0,"2":0,"3":0,"4":0,"5":0,"6":0,"7":0,"8":0,"9":0,"10":0,"11":0,"12":0,"13":0,"14":0,"15":0,"16":0,"17":0,"18":0,"19":0,"20":0,"21":0,"22":0,"23":0,"24":0,"25":0,"26":0,"27":0,"28":0,"29":0,"30":0,"31":0,"32":0,"33":0,"34":0,"35":0,"36":0,"37":0,"38":0,"39":0,"40":0,"41":0,"42":0,"43":0,"44":0,"45":0,"46":0,"47":0,"48":0,"49":0,"50":0,"51":0,"52":0,"53":0,"54":0,"55":0,"56":0,"57":0,"58":0,"59":0,"60":0,"61":0,"62":0,"63":0,"64":0,"65":0,"66":0,"67":0,"68":0,"69":0,"70":0,"71":0,"72":0,"73":0,"74":0,"75":0,"76":0,"77":0,"78":0,"79":0,"80":0,"81":0,"82":0,"83":0,"84":0,"85":0,"86":0,"87":0,"88":0,"89":0,"90":0,"91":0,"92":0,"93":0,"94":0,"95":0,"96":0,"97":0,"98":0,"99":0,"100":0},"fnMap":{"1":{"name":"Twitter","line":12,"loc":{"start":{"line":12,"column":0},"end":{"line":12,"column":26}}},"2":{"name":"(anonymous_2)","line":49,"loc":{"start":{"line":49,"column":24},"end":{"line":49,"column":56}}},"3":{"name":"(anonymous_3)","line":66,"loc":{"start":{"line":66,"column":2},"end":{"line":66,"column":34}}},"4":{"name":"(anonymous_4)","line":95,"loc":{"start":{"line":95,"column":25},"end":{"line":95,"column":72}}},"5":{"name":"(anonymous_5)","line":115,"loc":{"start":{"line":115,"column":33},"end":{"line":115,"column":45}}},"6":{"name":"(anonymous_6)","line":125,"loc":{"start":{"line":125,"column":2},"end":{"line":125,"column":34}}},"7":{"name":"(anonymous_7)","line":155,"loc":{"start":{"line":155,"column":27},"end":{"line":155,"column":57}}},"8":{"name":"(anonymous_8)","line":176,"loc":{"start":{"line":176,"column":27},"end":{"line":176,"column":62}}},"9":{"name":"(anonymous_9)","line":184,"loc":{"start":{"line":184,"column":30},"end":{"line":184,"column":45}}},"10":{"name":"(anonymous_10)","line":214,"loc":{"start":{"line":214,"column":25},"end":{"line":214,"column":36}}},"11":{"name":"(anonymous_11)","line":220,"loc":{"start":{"line":220,"column":19},"end":{"line":220,"column":30}}},"12":{"name":"processTweet","line":231,"loc":{"start":{"line":231,"column":2},"end":{"line":231,"column":31}}},"13":{"name":"(anonymous_13)","line":246,"loc":{"start":{"line":246,"column":25},"end":{"line":246,"column":44}}},"14":{"name":"(anonymous_14)","line":257,"loc":{"start":{"line":257,"column":26},"end":{"line":257,"column":42}}},"15":{"name":"(anonymous_15)","line":260,"loc":{"start":{"line":260,"column":27},"end":{"line":260,"column":43}}},"16":{"name":"(anonymous_16)","line":263,"loc":{"start":{"line":263,"column":25},"end":{"line":263,"column":36}}},"17":{"name":"(anonymous_17)","line":273,"loc":{"start":{"line":273,"column":27},"end":{"line":273,"column":38}}},"18":{"name":"(anonymous_18)","line":278,"loc":{"start":{"line":278,"column":22},"end":{"line":278,"column":38}}},"19":{"name":"(anonymous_19)","line":292,"loc":{"start":{"line":292,"column":27},"end":{"line":292,"column":41}}},"20":{"name":"(anonymous_20)","line":300,"loc":{"start":{"line":300,"column":42},"end":{"line":300,"column":62}}},"21":{"name":"(anonymous_21)","line":313,"loc":{"start":{"line":313,"column":26},"end":{"line":313,"column":51}}},"22":{"name":"handle","line":331,"loc":{"start":{"line":331,"column":9},"end":{"line":331,"column":41}}},"23":{"name":"(anonymous_23)","line":334,"loc":{"start":{"line":334,"column":44},"end":{"line":334,"column":71}}},"24":{"name":"(anonymous_24)","line":337,"loc":{"start":{"line":337,"column":48},"end":{"line":337,"column":68}}},"25":{"name":"(anonymous_25)","line":370,"loc":{"start":{"line":370,"column":6},"end":{"line":370,"column":69}}},"26":{"name":"(anonymous_26)","line":394,"loc":{"start":{"line":394,"column":6},"end":{"line":394,"column":84}}},"27":{"name":"(anonymous_27)","line":423,"loc":{"start":{"line":423,"column":31},"end":{"line":423,"column":49}}},"28":{"name":"(anonymous_28)","line":427,"loc":{"start":{"line":427,"column":9},"end":{"line":427,"column":34}}},"29":{"name":"(anonymous_29)","line":456,"loc":{"start":{"line":456,"column":38},"end":{"line":456,"column":65}}},"30":{"name":"(anonymous_30)","line":462,"loc":{"start":{"line":462,"column":36},"end":{"line":462,"column":63}}},"31":{"name":"(anonymous_31)","line":468,"loc":{"start":{"line":468,"column":39},"end":{"line":468,"column":66}}},"32":{"name":"(anonymous_32)","line":474,"loc":{"start":{"line":474,"column":36},"end":{"line":474,"column":63}}},"33":{"name":"(anonymous_33)","line":480,"loc":{"start":{"line":480,"column":32},"end":{"line":480,"column":59}}},"34":{"name":"(anonymous_34)","line":486,"loc":{"start":{"line":486,"column":37},"end":{"line":486,"column":64}}},"35":{"name":"(anonymous_35)","line":492,"loc":{"start":{"line":492,"column":37},"end":{"line":492,"column":64}}},"36":{"name":"(anonymous_36)","line":498,"loc":{"start":{"line":498,"column":36},"end":{"line":498,"column":63}}},"37":{"name":"(anonymous_37)","line":504,"loc":{"start":{"line":504,"column":39},"end":{"line":504,"column":65}}},"38":{"name":"(anonymous_38)","line":510,"loc":{"start":{"line":510,"column":39},"end":{"line":510,"column":65}}},"39":{"name":"(anonymous_39)","line":518,"loc":{"start":{"line":518,"column":31},"end":{"line":518,"column":54}}},"40":{"name":"(anonymous_40)","line":526,"loc":{"start":{"line":526,"column":33},"end":{"line":526,"column":66}}},"41":{"name":"(anonymous_41)","line":542,"loc":{"start":{"line":542,"column":34},"end":{"line":542,"column":57}}},"42":{"name":"(anonymous_42)","line":550,"loc":{"start":{"line":550,"column":34},"end":{"line":550,"column":57}}},"43":{"name":"(anonymous_43)","line":556,"loc":{"start":{"line":556,"column":32},"end":{"line":556,"column":63}}},"44":{"name":"(anonymous_44)","line":562,"loc":{"start":{"line":562,"column":35},"end":{"line":562,"column":66}}},"45":{"name":"(anonymous_45)","line":568,"loc":{"start":{"line":568,"column":38},"end":{"line":568,"column":69}}},"46":{"name":"(anonymous_46)","line":576,"loc":{"start":{"line":576,"column":29},"end":{"line":576,"column":52}}},"47":{"name":"(anonymous_47)","line":590,"loc":{"start":{"line":590,"column":13},"end":{"line":590,"column":28}}},"48":{"name":"(anonymous_48)","line":607,"loc":{"start":{"line":607,"column":31},"end":{"line":607,"column":61}}},"49":{"name":"(anonymous_49)","line":623,"loc":{"start":{"line":623,"column":37},"end":{"line":623,"column":68}}},"50":{"name":"(anonymous_50)","line":637,"loc":{"start":{"line":637,"column":25},"end":{"line":637,"column":44}}},"51":{"name":"(anonymous_51)","line":654,"loc":{"start":{"line":654,"column":30},"end":{"line":654,"column":49}}},"52":{"name":"(anonymous_52)","line":659,"loc":{"start":{"line":659,"column":37},"end":{"line":659,"column":64}}},"53":{"name":"(anonymous_53)","line":664,"loc":{"start":{"line":664,"column":36},"end":{"line":664,"column":70}}},"54":{"name":"(anonymous_54)","line":671,"loc":{"start":{"line":671,"column":35},"end":{"line":671,"column":62}}},"55":{"name":"(anonymous_55)","line":677,"loc":{"start":{"line":677,"column":36},"end":{"line":677,"column":63}}},"56":{"name":"(anonymous_56)","line":687,"loc":{"start":{"line":687,"column":29},"end":{"line":687,"column":60}}},"57":{"name":"(anonymous_57)","line":705,"loc":{"start":{"line":705,"column":39},"end":{"line":705,"column":70}}},"58":{"name":"(anonymous_58)","line":723,"loc":{"start":{"line":723,"column":41},"end":{"line":723,"column":72}}},"59":{"name":"(anonymous_59)","line":742,"loc":{"start":{"line":742,"column":29},"end":{"line":742,"column":70}}},"60":{"name":"(anonymous_60)","line":749,"loc":{"start":{"line":749,"column":36},"end":{"line":749,"column":85}}},"61":{"name":"(anonymous_61)","line":758,"loc":{"start":{"line":758,"column":31},"end":{"line":758,"column":82}}},"62":{"name":"(anonymous_62)","line":771,"loc":{"start":{"line":771,"column":31},"end":{"line":771,"column":80}}},"63":{"name":"(anonymous_63)","line":778,"loc":{"start":{"line":778,"column":31},"end":{"line":778,"column":72}}},"64":{"name":"(anonymous_64)","line":789,"loc":{"start":{"line":789,"column":35},"end":{"line":789,"column":84}}},"65":{"name":"(anonymous_65)","line":806,"loc":{"start":{"line":806,"column":39},"end":{"line":806,"column":88}}},"66":{"name":"(anonymous_66)","line":822,"loc":{"start":{"line":822,"column":38},"end":{"line":822,"column":65}}},"67":{"name":"(anonymous_67)","line":828,"loc":{"start":{"line":828,"column":42},"end":{"line":828,"column":69}}},"68":{"name":"(anonymous_68)","line":836,"loc":{"start":{"line":836,"column":37},"end":{"line":836,"column":74}}},"69":{"name":"(anonymous_69)","line":860,"loc":{"start":{"line":860,"column":41},"end":{"line":860,"column":64}}},"70":{"name":"(anonymous_70)","line":870,"loc":{"start":{"line":870,"column":37},"end":{"line":870,"column":68}}},"71":{"name":"(anonymous_71)","line":890,"loc":{"start":{"line":890,"column":38},"end":{"line":890,"column":61}}},"72":{"name":"(anonymous_72)","line":913,"loc":{"start":{"line":913,"column":35},"end":{"line":913,"column":70}}},"73":{"name":"(anonymous_73)","line":931,"loc":{"start":{"line":931,"column":39},"end":{"line":931,"column":58}}},"74":{"name":"(anonymous_74)","line":939,"loc":{"start":{"line":939,"column":39},"end":{"line":939,"column":58}}},"75":{"name":"(anonymous_75)","line":947,"loc":{"start":{"line":947,"column":37},"end":{"line":947,"column":60}}},"76":{"name":"(anonymous_76)","line":958,"loc":{"start":{"line":958,"column":13},"end":{"line":958,"column":28}}},"77":{"name":"(anonymous_77)","line":975,"loc":{"start":{"line":975,"column":34},"end":{"line":975,"column":57}}},"78":{"name":"(anonymous_78)","line":992,"loc":{"start":{"line":992,"column":36},"end":{"line":992,"column":59}}},"79":{"name":"(anonymous_79)","line":1011,"loc":{"start":{"line":1011,"column":38},"end":{"line":1011,"column":57}}},"80":{"name":"(anonymous_80)","line":1017,"loc":{"start":{"line":1017,"column":36},"end":{"line":1017,"column":55}}},"81":{"name":"(anonymous_81)","line":1023,"loc":{"start":{"line":1023,"column":34},"end":{"line":1023,"column":61}}},"82":{"name":"(anonymous_82)","line":1035,"loc":{"start":{"line":1035,"column":37},"end":{"line":1035,"column":65}}},"83":{"name":"(anonymous_83)","line":1052,"loc":{"start":{"line":1052,"column":33},"end":{"line":1052,"column":60}}},"84":{"name":"(anonymous_84)","line":1058,"loc":{"start":{"line":1058,"column":35},"end":{"line":1058,"column":66}}},"85":{"name":"(anonymous_85)","line":1066,"loc":{"start":{"line":1066,"column":36},"end":{"line":1066,"column":67}}},"86":{"name":"(anonymous_86)","line":1078,"loc":{"start":{"line":1078,"column":32},"end":{"line":1078,"column":55}}},"87":{"name":"(anonymous_87)","line":1093,"loc":{"start":{"line":1093,"column":33},"end":{"line":1093,"column":56}}},"88":{"name":"(anonymous_88)","line":1108,"loc":{"start":{"line":1108,"column":32},"end":{"line":1108,"column":55}}},"89":{"name":"(anonymous_89)","line":1127,"loc":{"start":{"line":1127,"column":31},"end":{"line":1127,"column":54}}},"90":{"name":"(anonymous_90)","line":1142,"loc":{"start":{"line":1142,"column":34},"end":{"line":1142,"column":53}}},"91":{"name":"(anonymous_91)","line":1148,"loc":{"start":{"line":1148,"column":36},"end":{"line":1148,"column":59}}},"92":{"name":"(anonymous_92)","line":1154,"loc":{"start":{"line":1154,"column":38},"end":{"line":1154,"column":64}}},"93":{"name":"(anonymous_93)","line":1162,"loc":{"start":{"line":1162,"column":39},"end":{"line":1162,"column":62}}},"94":{"name":"(anonymous_94)","line":1174,"loc":{"start":{"line":1174,"column":30},"end":{"line":1174,"column":57}}},"95":{"name":"(anonymous_95)","line":1180,"loc":{"start":{"line":1180,"column":37},"end":{"line":1180,"column":80}}},"96":{"name":"(anonymous_96)","line":1200,"loc":{"start":{"line":1200,"column":38},"end":{"line":1200,"column":75}}},"97":{"name":"(anonymous_97)","line":1219,"loc":{"start":{"line":1219,"column":32},"end":{"line":1219,"column":61}}},"98":{"name":"(anonymous_98)","line":1234,"loc":{"start":{"line":1234,"column":38},"end":{"line":1234,"column":69}}},"99":{"name":"(anonymous_99)","line":1244,"loc":{"start":{"line":1244,"column":36},"end":{"line":1244,"column":68}}},"100":{"name":"fetch","line":1259,"loc":{"start":{"line":1259,"column":2},"end":{"line":1259,"column":28}}}},"statementMap":{"1":{"start":{"line":1,"column":0},"end":{"line":9,"column":28}},"2":{"start":{"line":10,"column":1},"end":{"line":10,"column":26}},"3":{"start":{"line":12,"column":0},"end":{"line":42,"column":1}},"4":{"start":{"line":13,"column":2},"end":{"line":13,"column":62}},"5":{"start":{"line":13,"column":34},"end":{"line":13,"column":62}},"6":{"start":{"line":15,"column":2},"end":{"line":32,"column":4}},"7":{"start":{"line":33,"column":2},"end":{"line":33,"column":59}},"8":{"start":{"line":35,"column":2},"end":{"line":41,"column":26}},"9":{"start":{"line":43,"column":0},"end":{"line":43,"column":26}},"10":{"start":{"line":44,"column":0},"end":{"line":44,"column":25}},"11":{"start":{"line":49,"column":0},"end":{"line":89,"column":1}},"12":{"start":{"line":50,"column":2},"end":{"line":53,"column":3}},"13":{"start":{"line":51,"column":4},"end":{"line":51,"column":22}},"14":{"start":{"line":52,"column":4},"end":{"line":52,"column":18}},"15":{"start":{"line":55,"column":2},"end":{"line":58,"column":3}},"16":{"start":{"line":56,"column":4},"end":{"line":56,"column":47}},"17":{"start":{"line":57,"column":4},"end":{"line":57,"column":16}},"18":{"start":{"line":60,"column":2},"end":{"line":61,"column":39}},"19":{"start":{"line":61,"column":4},"end":{"line":61,"column":39}},"20":{"start":{"line":63,"column":2},"end":{"line":87,"column":5}},"21":{"start":{"line":67,"column":4},"end":{"line":86,"column":5}},"22":{"start":{"line":68,"column":6},"end":{"line":70,"column":47}},"23":{"start":{"line":71,"column":6},"end":{"line":71,"column":40}},"24":{"start":{"line":72,"column":6},"end":{"line":72,"column":28}},"25":{"start":{"line":73,"column":6},"end":{"line":73,"column":20}},"26":{"start":{"line":75,"column":9},"end":{"line":86,"column":5}},"27":{"start":{"line":76,"column":6},"end":{"line":76,"column":22}},"28":{"start":{"line":79,"column":6},"end":{"line":84,"column":7}},"29":{"start":{"line":80,"column":8},"end":{"line":80,"column":36}},"30":{"start":{"line":83,"column":8},"end":{"line":83,"column":29}},"31":{"start":{"line":85,"column":6},"end":{"line":85,"column":27}},"32":{"start":{"line":88,"column":2},"end":{"line":88,"column":14}},"33":{"start":{"line":95,"column":0},"end":{"line":149,"column":1}},"34":{"start":{"line":96,"column":2},"end":{"line":103,"column":3}},"35":{"start":{"line":97,"column":4},"end":{"line":97,"column":23}},"36":{"start":{"line":98,"column":4},"end":{"line":98,"column":19}},"37":{"start":{"line":99,"column":4},"end":{"line":99,"column":24}},"38":{"start":{"line":100,"column":9},"end":{"line":103,"column":3}},"39":{"start":{"line":101,"column":4},"end":{"line":101,"column":28}},"40":{"start":{"line":102,"column":4},"end":{"line":102,"column":24}},"41":{"start":{"line":105,"column":2},"end":{"line":108,"column":3}},"42":{"start":{"line":106,"column":4},"end":{"line":106,"column":47}},"43":{"start":{"line":107,"column":4},"end":{"line":107,"column":16}},"44":{"start":{"line":110,"column":2},"end":{"line":111,"column":39}},"45":{"start":{"line":111,"column":4},"end":{"line":111,"column":39}},"46":{"start":{"line":114,"column":2},"end":{"line":119,"column":3}},"47":{"start":{"line":115,"column":4},"end":{"line":118,"column":5}},"48":{"start":{"line":116,"column":3},"end":{"line":117,"column":39}},"49":{"start":{"line":117,"column":4},"end":{"line":117,"column":39}},"50":{"start":{"line":121,"column":2},"end":{"line":147,"column":5}},"51":{"start":{"line":126,"column":4},"end":{"line":146,"column":5}},"52":{"start":{"line":127,"column":6},"end":{"line":130,"column":42}},"53":{"start":{"line":131,"column":6},"end":{"line":131,"column":28}},"54":{"start":{"line":132,"column":6},"end":{"line":132,"column":40}},"55":{"start":{"line":133,"column":6},"end":{"line":133,"column":20}},"56":{"start":{"line":135,"column":9},"end":{"line":146,"column":5}},"57":{"start":{"line":136,"column":6},"end":{"line":136,"column":22}},"58":{"start":{"line":139,"column":6},"end":{"line":144,"column":7}},"59":{"start":{"line":140,"column":8},"end":{"line":140,"column":36}},"60":{"start":{"line":143,"column":8},"end":{"line":143,"column":29}},"61":{"start":{"line":145,"column":6},"end":{"line":145,"column":27}},"62":{"start":{"line":148,"column":2},"end":{"line":148,"column":14}},"63":{"start":{"line":155,"column":0},"end":{"line":170,"column":1}},"64":{"start":{"line":156,"column":2},"end":{"line":159,"column":3}},"65":{"start":{"line":157,"column":4},"end":{"line":157,"column":22}},"66":{"start":{"line":158,"column":4},"end":{"line":158,"column":16}},"67":{"start":{"line":161,"column":2},"end":{"line":164,"column":3}},"68":{"start":{"line":162,"column":4},"end":{"line":162,"column":47}},"69":{"start":{"line":163,"column":4},"end":{"line":163,"column":16}},"70":{"start":{"line":166,"column":2},"end":{"line":166,"column":54}},"71":{"start":{"line":167,"column":2},"end":{"line":167,"column":38}},"72":{"start":{"line":168,"column":2},"end":{"line":168,"column":34}},"73":{"start":{"line":169,"column":2},"end":{"line":169,"column":14}},"74":{"start":{"line":176,"column":0},"end":{"line":285,"column":1}},"75":{"start":{"line":177,"column":2},"end":{"line":180,"column":3}},"76":{"start":{"line":178,"column":4},"end":{"line":178,"column":22}},"77":{"start":{"line":179,"column":4},"end":{"line":179,"column":18}},"78":{"start":{"line":183,"column":2},"end":{"line":189,"column":3}},"79":{"start":{"line":184,"column":2},"end":{"line":188,"column":5}},"80":{"start":{"line":185,"column":3},"end":{"line":187,"column":4}},"81":{"start":{"line":186,"column":4},"end":{"line":186,"column":42}},"82":{"start":{"line":191,"column":2},"end":{"line":192,"column":18}},"83":{"start":{"line":195,"column":2},"end":{"line":200,"column":3}},"84":{"start":{"line":196,"column":4},"end":{"line":196,"column":48}},"85":{"start":{"line":198,"column":7},"end":{"line":200,"column":3}},"86":{"start":{"line":199,"column":4},"end":{"line":199,"column":48}},"87":{"start":{"line":203,"column":2},"end":{"line":203,"column":57}},"88":{"start":{"line":205,"column":2},"end":{"line":210,"column":4}},"89":{"start":{"line":212,"column":2},"end":{"line":212,"column":34}},"90":{"start":{"line":214,"column":2},"end":{"line":219,"column":4}},"91":{"start":{"line":215,"column":4},"end":{"line":218,"column":31}},"92":{"start":{"line":216,"column":6},"end":{"line":216,"column":22}},"93":{"start":{"line":218,"column":6},"end":{"line":218,"column":31}},"94":{"start":{"line":220,"column":2},"end":{"line":226,"column":4}},"95":{"start":{"line":222,"column":4},"end":{"line":222,"column":27}},"96":{"start":{"line":225,"column":4},"end":{"line":225,"column":55}},"97":{"start":{"line":229,"column":2},"end":{"line":229,"column":35}},"98":{"start":{"line":231,"column":2},"end":{"line":244,"column":3}},"99":{"start":{"line":232,"column":4},"end":{"line":243,"column":5}},"100":{"start":{"line":233,"column":6},"end":{"line":233,"column":43}},"101":{"start":{"line":235,"column":9},"end":{"line":243,"column":5}},"102":{"start":{"line":236,"column":6},"end":{"line":236,"column":45}},"103":{"start":{"line":238,"column":9},"end":{"line":243,"column":5}},"104":{"start":{"line":239,"column":6},"end":{"line":239,"column":51}},"105":{"start":{"line":242,"column":6},"end":{"line":242,"column":33}},"106":{"start":{"line":246,"column":2},"end":{"line":277,"column":5}},"107":{"start":{"line":249,"column":4},"end":{"line":276,"column":5}},"108":{"start":{"line":250,"column":6},"end":{"line":250,"column":29}},"109":{"start":{"line":251,"column":6},"end":{"line":251,"column":57}},"110":{"start":{"line":257,"column":6},"end":{"line":259,"column":9}},"111":{"start":{"line":258,"column":8},"end":{"line":258,"column":30}},"112":{"start":{"line":260,"column":6},"end":{"line":262,"column":9}},"113":{"start":{"line":261,"column":8},"end":{"line":261,"column":36}},"114":{"start":{"line":263,"column":6},"end":{"line":265,"column":9}},"115":{"start":{"line":264,"column":8},"end":{"line":264,"column":37}},"116":{"start":{"line":273,"column":6},"end":{"line":275,"column":9}},"117":{"start":{"line":274,"column":8},"end":{"line":274,"column":25}},"118":{"start":{"line":278,"column":2},"end":{"line":280,"column":5}},"119":{"start":{"line":279,"column":4},"end":{"line":279,"column":32}},"120":{"start":{"line":281,"column":2},"end":{"line":281,"column":16}},"121":{"start":{"line":283,"column":2},"end":{"line":283,"column":57}},"122":{"start":{"line":283,"column":40},"end":{"line":283,"column":57}},"123":{"start":{"line":284,"column":2},"end":{"line":284,"column":14}},"124":{"start":{"line":292,"column":0},"end":{"line":311,"column":1}},"125":{"start":{"line":293,"column":2},"end":{"line":293,"column":18}},"126":{"start":{"line":297,"column":1},"end":{"line":298,"column":51}},"127":{"start":{"line":298,"column":4},"end":{"line":298,"column":51}},"128":{"start":{"line":299,"column":2},"end":{"line":299,"column":46}},"129":{"start":{"line":300,"column":2},"end":{"line":302,"column":4}},"130":{"start":{"line":301,"column":4},"end":{"line":301,"column":28}},"131":{"start":{"line":305,"column":2},"end":{"line":309,"column":3}},"132":{"start":{"line":306,"column":4},"end":{"line":306,"column":64}},"133":{"start":{"line":308,"column":4},"end":{"line":308,"column":22}},"134":{"start":{"line":310,"column":2},"end":{"line":310,"column":16}},"135":{"start":{"line":313,"column":0},"end":{"line":421,"column":1}},"136":{"start":{"line":314,"column":2},"end":{"line":315,"column":25}},"137":{"start":{"line":318,"column":2},"end":{"line":318,"column":56}},"138":{"start":{"line":321,"column":2},"end":{"line":322,"column":46}},"139":{"start":{"line":322,"column":4},"end":{"line":322,"column":46}},"140":{"start":{"line":324,"column":2},"end":{"line":324,"column":18}},"141":{"start":{"line":327,"column":1},"end":{"line":328,"column":51}},"142":{"start":{"line":328,"column":4},"end":{"line":328,"column":51}},"143":{"start":{"line":331,"column":2},"end":{"line":420,"column":4}},"144":{"start":{"line":333,"column":4},"end":{"line":333,"column":47}},"145":{"start":{"line":334,"column":4},"end":{"line":336,"column":6}},"146":{"start":{"line":335,"column":6},"end":{"line":335,"column":59}},"147":{"start":{"line":337,"column":4},"end":{"line":339,"column":6}},"148":{"start":{"line":338,"column":6},"end":{"line":338,"column":23}},"149":{"start":{"line":341,"column":4},"end":{"line":341,"column":40}},"150":{"start":{"line":344,"column":4},"end":{"line":344,"column":49}},"151":{"start":{"line":344,"column":35},"end":{"line":344,"column":49}},"152":{"start":{"line":347,"column":4},"end":{"line":353,"column":5}},"153":{"start":{"line":350,"column":6},"end":{"line":351,"column":68}},"154":{"start":{"line":352,"column":6},"end":{"line":352,"column":49}},"155":{"start":{"line":356,"column":4},"end":{"line":356,"column":34}},"156":{"start":{"line":359,"column":4},"end":{"line":419,"column":5}},"157":{"start":{"line":360,"column":6},"end":{"line":360,"column":55}},"158":{"start":{"line":361,"column":6},"end":{"line":361,"column":16}},"159":{"start":{"line":362,"column":6},"end":{"line":362,"column":13}},"160":{"start":{"line":365,"column":11},"end":{"line":419,"column":5}},"161":{"start":{"line":366,"column":6},"end":{"line":389,"column":9}},"162":{"start":{"line":372,"column":8},"end":{"line":373,"column":63}},"163":{"start":{"line":375,"column":8},"end":{"line":388,"column":
[...]
'/followers/ids.json';","  this._getUsingCursor(url, params, callback);","  return this;","}","","// Account resources","","Twitter.prototype.verifyCredentials = function(callback) {","  var url = '/account/verify_credentials.json';","  this.get(url, null, callback);","  return this;","}","","Twitter.prototype.rateLimitStatus = function(callback) {","  var url = '/account/rate_limit_status.json';","  this.get(url, null, callback);","  return this;","}","","Twitter.prototype.updateProfile = function(params, callback) {","  // params: name, url, location, description","  var defaults = {","    include_entities: 1","  };","  params = utils.merge(defaults, params);","","  var url = '/account/update_profile.json';","  this.post(url, params, null, callback);","  return this;","}","","Twitter.prototype.updateProfileImg = function (params, callback) {","  // params: name, url, location, description","  var defaults = {","    include_entities: 1","  };","  params = utils.merge(defaults, params);","","  var url = '/account/update_profile_image.json';","  this.post(url, params, null, callback);","  return this;","  ","}","","// FIXME: Account resources section not complete","","// Favorites resources","","Twitter.prototype.getFavorites = function(params, callback) {","  var url = '/favorites.json';","  this.get(url, params, callback);","  return this;","}","","Twitter.prototype.createFavorite = function(id, params, callback) {","  var url = '/favorites/create/' + escape(id) + '.json';","  this.post(url, params, null, callback);","  return this;","}","Twitter.prototype.favoriteStatus","  = Twitter.prototype.createFavorite;","","Twitter.prototype.destroyFavorite = function(id, params, callback) {","  var url = '/favorites/destroy/' + escape(id) + '.json';","  this.post(url, params, null, callback);","  return this;","}","Twitter.prototype.deleteFavorite","  = Twitter.prototype.destroyFavorite;","","// Notification resources","","// Block resources","","Twitter.prototype.createBlock = function(id, callback) {","  var url = '/blocks/create.json';","","  var params = {};","  if (typeof id === 'string')","    params.screen_name = id;","  else","    params.user_id = id;","","  this.post(url, params, null, callback);","  return this;","}","Twitter.prototype.blockUser","  = Twitter.prototype.createBlock;","","Twitter.prototype.destroyBlock = function(id, callback) {","  var url = '/blocks/destroy.json';","","  var params = {};","  if (typeof id === 'string')","    params.screen_name = id;","  else","    params.user_id = id;","","  this.post(url, params, null, callback);","  return this;","}","Twitter.prototype.unblockUser","  = Twitter.prototype.destroyBlock;","","Twitter.prototype.blockExists = function(id, callback) {","  var url = '/blocks/exists.json';","","  var params = {};","  if (typeof id === 'string')","    params.screen_name = id;","  else","    params.user_id = id;","","  this.get(url, params, callback);","  return this;","}","Twitter.prototype.isBlocked","  = Twitter.prototype.blockExists;","","// FIXME: blocking section not complete (blocks/blocking + blocks/blocking/ids)","","// Spam Reporting resources","","Twitter.prototype.reportSpam = function(id, callback) {","  var url = '/report_spam.json';","","  var params = {};","  if (typeof id === 'string')","    params.screen_name = id;","  else","    params.user_id = id;","","  this.post(url, params, null, callback);","  return this;","}","","// Saved Searches resources","","Twitter.prototype.savedSearches = function(callback) {","  var url = '/saved_searches.json';","  this.get(url, null, callback);","  return this;","}","","Twitter.prototype.showSavedSearch = function(id, callback) {","  var url = '/saved_searches/' + escape(id) + '.json';","  this.get(url, null, callback);","  return this;","}","","Twitter.prototype.createSavedSearch = function(query, callback) {","  var url = '/saved_searches/create.json';","  this.post(url, {query: query}, null, callback);","  return this;","}","Twitter.prototype.newSavedSearch =","  Twitter.prototype.createSavedSearch;","","Twitter.prototype.destroySavedSearch = function(id, callback) {","  var url = '/saved_searches/destroy/' + escape(id) + '.json?_method=DELETE';","  this.post(url, null, null, callback);","  return this;","}","Twitter.prototype.deleteSavedSearch =","  Twitter.prototype.destroySavedSearch;","","// OAuth resources","","// Geo resources","","Twitter.prototype.geoSearch = function(params, callback) {","  var url = '/geo/search.json';","  this.get(url, params, callback);","  return this;","}","","Twitter.prototype.geoSimilarPlaces = function(lat, lng, name, params, callback) {","  if (typeof params === 'function') {","    callback = params;","    params = {};","  } else if (typeof params !== 'object') {","    params = {};","  }","","  if (typeof lat !== 'number' || typeof lng !== 'number' || !name) {","    callback(new Error('FAIL: You must specify latitude, longitude (as numbers) and name.'));","  }","","  var url = '/geo/similar_places.json';","  params.lat = lat;","  params.long = lng;","  params.name = name;","  this.get(url, params, callback);","  return this;","}","","Twitter.prototype.geoReverseGeocode = function(lat, lng, params, callback) {","  if (typeof params === 'function') {","    callback = params;","    params = {};","  } else if (typeof params !== 'object') {","    params = {};","  }","","  if (typeof lat !== 'number' || typeof lng !== 'number') {","    callback(new Error('FAIL: You must specify latitude and longitude as numbers.'));","  }","","  var url = '/geo/reverse_geocode.json';","  params.lat = lat;","  params.long = lng;","  this.get(url, params, callback);","  return this;","}","","Twitter.prototype.geoGetPlace = function(place_id, callback) {","  var url = '/geo/id/' + escape(place_id) + '.json';","  this.get(url, callback);","  return this;","}","","// Legal resources","","// Help resources","","// Streamed Tweets resources","","// Search resources","","// #newtwitter","Twitter.prototype.getRelatedResults = function(id, params, callback) {","\tvar url = '/related_results/show/' + escape(id) + '.json';","\tthis.get(url, params, callback);","\treturn this;","}","","/*"," * INTERNAL UTILITY FUNCTIONS"," */","","Twitter.prototype._getUsingCursor = function(url, params, callback) {","  var self = this,","    params = params || {},","    key = params.key || null,","    result = [];","","  // if we don't have a key to fetch, we're screwed","  if (!key)","    callback(new Error('FAIL: Results key must be provided to _getUsingCursor().'));","  delete params.key;","","  // kick off the first request, using cursor -1","  params = utils.merge(params, {cursor:-1});","  this.get(url, params, fetch);","","  function fetch(err, data) {","    if (err) {","      return callback(err);","    }","","    // FIXME: what if data[key] is not a list?","    if (data[key]) result = result.concat(data[key]);","","    if (data.next_cursor_str === '0') {","      callback(null, result);","    } else {","      params.cursor = data.next_cursor_str;","      self.get(url, params, fetch);","    }","  }","","  return this;","}",""],"l":{"1":1,"10":1,"12":1,"13":0,"15":0,"33":0,"35":0,"43":1,"44":1,"49":1,"50":0,"51":0,"52":0,"55":0,"56":0,"57":0,"60":0,"61":0,"63":0,"67":0,"68":0,"71":0,"72":0,"73":0,"75":0,"76":0,"79":0,"80":0,"83":0,"85":0,"88":0,"95":1,"96":0,"97":0,"98":0,"99":0,"100":0,"101":0,"102":0,"105":0,"106":0,"107":0,"110":0,"111":0,"114":0,"115":0,"116":0,"117":0,"121":0,"126":0,"127":0,"131":0,"132":0,"133":0,"135":0,"136":0,"139":0,"140":0,"143":0,"145":0,"148":0,"155":1,"156":0,"157":0,"158":0,"161":0,"162":0,"163":0,"166":0,"167":0,"168":0,"169":0,"176":1,"177":0,"178":0,"179":0,"183":0,"184":0,"185":0,"186":0,"191":0,"195":0,"196":0,"198":0,"199":0,"203":0,"205":0,"212":0,"214":0,"215":0,"216":0,"218":0,"220":0,"222":0,"225":0,"229":0,"231":1,"232":0,"233":0,"235":0,"236":0,"238":0,"239":0,"242":0,"246":0,"249":0,"250":0,"251":0,"257":0,"258":0,"260":0,"261":0,"263":0,"264":0,"273":0,"274":0,"278":0,"279":0,"281":0,"283":0,"284":0,"292":1,"293":0,"297":0,"298":0,"299":0,"300":0,"301":0,"305":0,"306":0,"308":0,"310":0,"313":1,"314":0,"318":0,"321":0,"322":0,"324":0,"327":0,"328":0,"331":0,"333":0,"334":0,"335":0,"337":0,"338":0,"341":0,"344":0,"347":0,"350":0,"352":0,"356":0,"359":0,"360":0,"361":0,"362":0,"365":0,"366":0,"372":0,"375":0,"377":0,"379":0,"385":0,"386":0,"387":0,"392":0,"393":0,"395":0,"397":0,"399":0,"403":0,"407":0,"408":0,"415":0,"416":0,"417":0,"418":0,"423":1,"424":0,"427":0,"428":0,"431":0,"432":0,"438":0,"439":0,"456":1,"457":0,"458":0,"459":0,"462":1,"463":0,"464":0,"465":0,"468":1,"469":0,"470":0,"471":0,"474":1,"475":0,"476":0,"477":0,"480":1,"481":0,"482":0,"483":0,"486":1,"487":0,"488":0,"489":0,"492":1,"493":0,"494":0,"495":0,"498":1,"499":0,"500":0,"501":0,"504":1,"505":0,"506":0,"507":0,"510":1,"511":0,"512":0,"513":0,"518":1,"519":0,"520":0,"521":0,"523":1,"526":1,"527":0,"528":0,"529":0,"532":0,"533":0,"537":0,"538":0,"539":0,"542":1,"543":0,"544":0,"545":0,"547":1,"550":1,"551":0,"552":0,"553":0,"556":1,"557":0,"558":0,"559":0,"562":1,"563":0,"564":0,"565":0,"568":1,"569":0,"570":0,"571":0,"576":1,"578":0,"581":0,"582":0,"583":0,"587":0,"590":0,"591":0,"592":0,"594":0,"597":0,"598":0,"600":0,"601":0,"603":1,"607":1,"608":0,"609":0,"610":0,"613":0,"614":0,"615":0,"616":0,"618":1,"623":1,"624":0,"625":0,"626":0,"627":0,"628":0,"631":0,"634":0,"637":0,"639":0,"640":0,"643":0,"645":0,"647":0,"654":1,"655":0,"656":0,"659":1,"660":0,"661":0,"664":1,"665":0,"666":0,"667":0,"668":0,"671":1,"672":0,"673":0,"674":0,"677":1,"678":0,"679":0,"680":0,"687":1,"688":0,"689":0,"690":0,"693":0,"694":0,"695":0,"697":0,"698":0,"700":0,"701":0,"702":0,"705":1,"706":0,"707":0,"708":0,"711":0,"712":0,"713":0,"715":0,"716":0,"718":0,"719":0,"720":0,"723":1,"724":0,"725":0,"726":0,"729":0,"730":0,"731":0,"733":0,"734":0,"736":0,"737":0,"738":0,"742":1,"743":0,"744":0,"745":0,"749":1,"750":0,"751":0,"752":0,"754":1,"758":1,"759":0,"760":0,"761":0,"764":0,"765":0,"766":0,"767":0,"771":1,"772":0,"773":0,"774":0,"778":1,"779":0,"780":0,"781":0,"783":1,"789":1,"790":0,"791":0,"792":0,"795":0,"796":0,"797":0,"798":0,"806":1,"807":0,"808":0,"809":0,"812":0,"813":0,"814":0,"815":0,"822":1,"823":0,"824":0,"825":0,"828":1,"829":0,"830":0,"831":0,"833":1,"836":1,"837":0,"838":0,"839":0,"842":0,"846":0,"847":0,"849":0,"850":0,"852":0,"853":0,"854":0,"856":1,"860":1,"861":0,"862":0,"863":0,"865":1,"870":1,"871":0,"872":0,"873":0,"876":0,"879":0,"880":0,"882":0,"883":0,"885":0,"886":0,"887":0,"890":1,"891":0,"892":0,"893":0,"896":0,"899":0,"900":0,"902":0,"904":0,"905":0,"906":0,"908":1,"913":1,"914":0,"916":0,"917":0,"919":0,"921":0,"922":0,"924":0,"926":0,"927":0,"928":0,"931":1,"932":0,"933":0,"934":0,"936":1,"939":1,"940":0,"941":0,"942":0,"944":1,"947":1,"948":0,"951":0,"952":0,"953":0,"956":0,"958":0,"959":0,"960":0,"962":0,"966":0,"967":0,"969":0,"970":0,"975":1,"976":0,"977":0,"978":0,"981":0,"982":0,"983":0,"984":0,"985":0,"987":0,"988":0,"989":0,"992":1,"993":0,"994":0,"995":0,"998":0,"999":0,"1000":0,"1001":0,"1002":0,"1004":0,"1005":0,"1006":0,"1011":1,"1012":0,"1013":0,"1014":0,"1017":1,"1018":0,"1019":0,"1020":0,"1023":1,"1025":0,"1028":0,"1030":0,"1031":0,"1032":0,"1035":1,"1037":0,"1040":0,"1042":0,"1043":0,"1044":0,"1052":1,"1053":0,"1054":0,"1055":0,"1058":1,"1059":0,"1060":0,"1061":0,"1063":1,"1066":1,"1067":0,"1068":0,"1069":0,"1071":1,"1078":1,"1079":0,"1081":0,"1082":0,"1083":0,"1085":0,"1087":0,"1088":0,"1090":1,"1093":1,"1094":0,"1096":0,"1097":0,"1098":0,"1100":0,"1102":0,"1103":0,"1105":1,"1108":1,"1109":0,"1111":0,"1112":0,"1113":0,"1115":0,"1117":0,"1118":0,"1120":1,"1127":1,"1128":0,"1130":0,"1131":0,"1132":0,"1134":0,"1136":0,"1137":0,"1142":1,"1143":0,"1144":0,"1145":0,"1148":1,"1149":0,"1150":0,"1151":0,"1154":1,"1155":0,"1156":0,"1157":0,"1159":1,"1162":1,"1163":0,"1164":0,"1165":0,"1167":1,"1174":1,"1175":0,"1176":0,"1177":0,"1180":1,"1181":0,"1182":0,"1183":0,"1184":0,"1185":0,"1188":0,"1189":0,"1192":0,"1193":0,"1194":0,"1195":0,"1196":0,"1197":0,"1200":1,"1201":0,"1202":0,"1203":0,"1204":0,"1205":0,"1208":0,"1209":0,"1212":0,"1213":0,"1214":0,"1215":0,"1216":0,"1219":1,"1220":0,"1221":0,"1222":0,"1234":1,"1235":0,"1236":0,"1237":0,"1244":1,"1245":0,"1251":0,"1252":0,"1253":0,"1256":0,"1257":0,"1259":1,"1260":0,"1261":0,"1265":0,"1267":0,"1268":0,"1270":0,"1271":0,"1275":0}},"/home/travis/build/npmtest/node-npmtest-ntwitter/node_modules/ntwitter/lib/parser.js":{"path":"/home/travis/build/npmtest/node-npmtest-ntwitter/node_modules/ntwitter/lib/parser.js","s":{"1":1,"2":1,"3":0,"4":0,"5":0,"6":0,"7":1,"8":1,"9":1,"10":1,"11":0,"12":0,"13":0,"14":0,"15":0,"16":0,"17":0,"18":0,"19":0,"20":0,"21":0,"22":1,"23":0,"24":0,"25":0,"26":0,"27":0,"28":0},"b":{"1":[0,0],"2":[0,0],"3":[0,0]},"f":{"1":0,"2":0,"3":0,"4":0},"fnMap":{"1":{"name":"Parser","line":15,"loc":{"start":{"line":15,"column":30},"end":{"line":15,"column":48}}},"2":{"name":"receive","line":29,"loc":{"start":{"line":29,"column":27},"end":{"line":29,"column":52}}},"3":{"name":"(anonymous_3)","line":50,"loc":{"start":{"line":50,"column":34},"end":{"line":50,"column":44}}},"4":{"name":"(anonymous_4)","line":58,"loc":{"start":{"line":58,"column":13},"end":{"line":58,"column":23}}}},"statementMap":{"1":{"start":{"line":13,"column":0},"end":{"line":13,"column":50}},"2":{"start":{"line":15,"column":0},"end":{"line":21,"column":2}},"3":{"start":{"line":17,"column":2},"end":{"line":17,"column":26}},"4":{"start":{"line":18,"column":2},"end":{"line":18,"column":19}},"5":{"start":{"line":19,"column":2},"end":{"line":19,"column":23}},"6":{"start":{"line":20,"column":2},"end":{"line":20,"column":14}},"7":{"start":{"line":24,"column":0},"end":{"line":24,"column":57}},"8":{"start":{"line":26,"column":0},"end":{"line":26,"column":27}},"9":{"start":{"line":27,"column":0},"end":{"line":27,"column":22}},"10":{"start":{"line":29,"column":0},"end":{"line":47,"column":2}},"11":{"start":{"line":30,"column":2},"end":{"line":30,"column":39}},"12":{"start":{"line":31,"column":2},"end":{"line":31,"column":41}},"13":{"start":{"line":32,"column":2},"end":{"line":32,"column":18}},"14":{"start":{"line":35,"column":2},"end":{"line":46,"column":3}},"15":{"start":{"line":36,"column":4},"end":{"line":36,"column":39}},"16":{"start":{"line":37,"column":4},"end":{"line":37,"column":63}},"17":{"start":{"line":38,"column":4},"end":{"line":45,"column":5}},"18":{"start":{"line":39,"column":6},"end":{"line":43,"column":7}},"19":{"start":{"line":40,"column":8},"end":{"line":40,"column":32}},"20":{"start":{"line":42,"column":8},"end":{"line":42,"column":72}},"21":{"start":{"line":44,"column":6},"end":{"line":44,"column":31}},"22":{"start":{"line":50,"column":0},"end":{"line":59,"column":1}},"23":{"start":{"line":51,"column":2},"end":{"line":51,"column":18}},"24":{"start":{"line":52,"column":2},"end":{"line":52,"column":41}},"25":{"start":{"line":54,"column":2},"end":{"line":56,"column":3}},"26":{"start":{"line":55,"column":4},"end":{"line":55,"column":33}},"27":{"start":{"line":58,"column":2},"end":{"line":58,"column":60}},"28":{"start":{"line":58,"column":25},"end":{"line":58,"column":47}}},"branchMap":{"1":{"line":38,"type":"if","locations":[{"start":{"line":38,"column":4},"end":{"line":38,"column":4}},{"start":{"line":38,"column":4},"end":{"line":38,"column":4}}]},"2":{"line":54,"type":"if","locations":[{"start":{"line":54,"column":2},"end":{"line":54,"column":2}},{"start":{"line":54,"column":2},"end":{"line":54,"column":2}}]},"3":{"line":54,"type":"binary-expr","locations":[{"start":{"line":54,"column":6},"end":{"line":54,"column":28}},{"start":{"line":54,"column":32},"end":{"line":54,"column":69}}]}},"code":["// glorious streaming json parser, built specifically for the twitter streaming api","// assumptions:","//   1) ninjas are mammals","//   2) tweets come in chunks of text, surrounded by {}'s, separated by line breaks","//   3) only one tweet per chunk","//","//   p = new parser.instance()","//   p.addListener('object', function...)","//   p.receive(data)","//   p.receive(data)","//   ...","","var EventEmitter = require('events').EventEmitter;","","var Parser = module.exports = function Parser() {","  // Make sure we call our parents constructor","  EventEmitter.call(this);","  this.buffer = '';","  this.lastTime = null;","  return this;","};","","// The parser emits events!","Parser.prototype = Object.create(EventEmitter.prototype);","","Parser.END        = '\\r\\n';","Parser.END_LENGTH = 2;","","Parser.prototype.receive = function receive(buffer) {","  this.lastTime = new Date().getTime();","  this.buffer += buffer.toString('utf8');","  var index, json;","","  // We have END?","  while ((index = this.buffer.indexOf(Parser.END)) > -1) {","    json = this.buffer.slice(0, index);","    this.buffer = this.buffer.slice(index + Parser.END_LENGTH);","    if (json.length > 0) {","      try {","        json = JSON.parse(json);","      } catch (error) {","        this.emit('error', new Error('Invalid JSON - ', error.message));","      }","      this.emit('_data', json);","    }","  }","};","","","Parser.prototype.checkHeartbeat = function(){","  var self = this;","  var currentTime = new Date().getTime();","","  if (self.lastTime !== null && self.lastTime < (currentTime - 30000)){","    self.emit(\"missedHeartbeat\");","  }","","  setTimeout(function(){ self.checkHeartbeat(); }, 30000  );","}"],"l":{"13":1,"15":1,"17":0,"18":0,"19":0,"20":0,"24":1,"26":1,"27":1,"29":1,"30":0,"31":0,"32":0,"35":0,"36":0,"37":0,"38":0,"39":0,"40":0,"42":0,"44":0,"50":1,"51":0,"52":0,"54":0,"55":0,"58":0}},"/home/travis/build/npmtest/node-npmtest-ntwitter/node_modules/ntwitter/lib/utils.js":{"path":"/home/travis/build/npmtest/node-npmtest-ntwitter/node_modules/ntwitter/lib/utils.js","s":{"1":1,"2":0,"3":0,"4":0,"5":0},"b":{},"f":{"1":0},"fnMap":{"1":{"name":"(anonymous_1)","line":6,"loc":{"start":{"line":6,"column":16},"end":{"line":6,"column":35}}}},"statementMap":{"1":{"start":{"line":6,"column":0},"end":{"line":13,"column":2}},"2":{"start":{"line":7,"column":1},"end":{"line":11,"column":2}},"3":{"start":{"line":8,"column":2},"end":{"line":10,"column":1}},"4":{"start":{"line":9,"column":3},"end":{"line":9,"column":37}},"5":{"start":{"line":12,"column":1},"end":{"line":12,"column":17}}},"branchMap":{},"code":["","/*"," * Merge objects into the first one"," */ ","","exports.merge = function(defaults) {","\tfor(var i = 1; i < arguments.length; i++){","\t\tfor(var opt in arguments[i]){","\t\t\tdefaults[opt] = arguments[i][opt];","}","\t}","\treturn defaults;","};",""],"l":{"6":1,"7":0,"8":0,"9":0,"12":0}},"/home/travis/build/npmtest/node-npmtest-ntwitter/node_modules/ntwitter/lib/keys.js":{"path":"/home/travis/build/npmtest/node-npmtest-ntwitter/node_modules/ntwitter/lib/keys.js","s":{"1":1},"b":{},"f":{},"fnMap":{},"statementMap":{"1":{"start":{"line":1,"column":0},"end":{"line":13,"column":2}}},"branchMap":{},"code":["module.exports = {","\turls : {","    request_token_url: 'https://api.twitter.com/oauth/request_token',","    access_token_url: 'https://api.twitter.com/oauth/access_token',","    authenticate_url: 'https://api.twitter.com/oauth/authenticate',","    authorize_url: 'https://api.twitter.com/oauth/authorize',","    rest_base: 'https://api.twitter.com/1.1',","    search_base: 'http://search.twitter.com',","          stream_base: 'https://stream.twitter.com/1.1',","    user_stream_base: 'https://userstream.twitter.com/1.1',","    site_stream_base: 'https://sitestream.twitter.com/1.1'","\t}","};",""],"l":{"1":1}},"/home/travis/build/npmtest/node-npmtest-ntwitter/node_modules/ntwitter/index.js":{"path":"/home/travis/build/npmtest/node-npmtest-ntwitter/node_modules/ntwitter/index.js","s":{"1":1},"b":{},"f":{},"fnMap":{},"statementMap":{"1":{"start":{"line":1,"column":0},"end":{"line":1,"column":42}}},"branchMap":{},"code":["module.exports = require('./lib/twitter');",""],"l":{"1":1}}}